 ### data log ---> 23/11/22 22:15:30  >>>>> : Host: localhost:8001  >>>>> #
 ### data log ---> 23/11/22 22:15:30  >>>>> : Connection: keep-alive  >>>>> #
 ### data log ---> 23/11/22 22:15:30  >>>>> : Cache-Control: max-age=0  >>>>> #
 ### data log ---> 23/11/22 22:15:30  >>>>> : sec-ch-ua: "Microsoft Edge";v="107", "Chromium";v="107", "Not=A?Brand";v="24"  >>>>> #
 ### data log ---> 23/11/22 22:15:30  >>>>> : sec-ch-ua-mobile: ?0  >>>>> #
 ### data log ---> 23/11/22 22:15:30  >>>>> : sec-ch-ua-platform: "Linux"  >>>>> #
 ### data log ---> 23/11/22 22:15:30  >>>>> : Upgrade-Insecure-Requests: 1  >>>>> #
 ### data log ---> 23/11/22 22:15:30  >>>>> : User-Agent: Mozilla/5.0 (X11; Linux x86_64) AppleWebKit/537.36 (KHTML, like Gecko) Chrome/107.0.0.0 Safari/537.36 Edg/107.0.1418.56  >>>>> #
 ### data log ---> 23/11/22 22:15:30  >>>>> : Accept: text/html,application/xhtml+xml,application/xml;q=0.9,image/webp,image/apng,*/*;q=0.8,application/signed-exchange;v=b3;q=0.9  >>>>> #
 ### data log ---> 23/11/22 22:15:30  >>>>> : Sec-Fetch-Site: none  >>>>> #
 ### data log ---> 23/11/22 22:15:30  >>>>> : Sec-Fetch-Mode: navigate  >>>>> #
 ### data log ---> 23/11/22 22:15:30  >>>>> : Sec-Fetch-User: ?1  >>>>> #
 ### data log ---> 23/11/22 22:15:30  >>>>> : Sec-Fetch-Dest: document  >>>>> #
 ### data log ---> 23/11/22 22:15:30  >>>>> : Accept-Encoding: gzip, deflate, br  >>>>> #
 ### data log ---> 23/11/22 22:15:30  >>>>> : Accept-Language: pt-BR,pt;q=0.9,en;q=0.8,en-GB;q=0.7,en-US;q=0.6  >>>>> #
 ### data log ---> 23/11/22 22:15:30  >>>>> : Cookie: adminer_version=4.8.1  >>>>> #
 ### data log ---> 23/11/22 22:15:30  >>>>> : "GET"  >>>>> #
 ### data log ---> 23/11/22 22:15:30  >>>>> : /index.php  >>>>> #
 ### data log ---> 23/11/22 22:16:05  >>>>> : Host: localhost:8001  >>>>> #
 ### data log ---> 23/11/22 22:16:05  >>>>> : Connection: keep-alive  >>>>> #
 ### data log ---> 23/11/22 22:16:05  >>>>> : Cache-Control: max-age=0  >>>>> #
 ### data log ---> 23/11/22 22:16:05  >>>>> : sec-ch-ua: "Microsoft Edge";v="107", "Chromium";v="107", "Not=A?Brand";v="24"  >>>>> #
 ### data log ---> 23/11/22 22:16:05  >>>>> : sec-ch-ua-mobile: ?0  >>>>> #
 ### data log ---> 23/11/22 22:16:05  >>>>> : sec-ch-ua-platform: "Linux"  >>>>> #
 ### data log ---> 23/11/22 22:16:05  >>>>> : Upgrade-Insecure-Requests: 1  >>>>> #
 ### data log ---> 23/11/22 22:16:05  >>>>> : User-Agent: Mozilla/5.0 (X11; Linux x86_64) AppleWebKit/537.36 (KHTML, like Gecko) Chrome/107.0.0.0 Safari/537.36 Edg/107.0.1418.56  >>>>> #
 ### data log ---> 23/11/22 22:16:05  >>>>> : Accept: text/html,application/xhtml+xml,application/xml;q=0.9,image/webp,image/apng,*/*;q=0.8,application/signed-exchange;v=b3;q=0.9  >>>>> #
 ### data log ---> 23/11/22 22:16:05  >>>>> : Sec-Fetch-Site: none  >>>>> #
 ### data log ---> 23/11/22 22:16:05  >>>>> : Sec-Fetch-Mode: navigate  >>>>> #
 ### data log ---> 23/11/22 22:16:05  >>>>> : Sec-Fetch-User: ?1  >>>>> #
 ### data log ---> 23/11/22 22:16:05  >>>>> : Sec-Fetch-Dest: document  >>>>> #
 ### data log ---> 23/11/22 22:16:05  >>>>> : Accept-Encoding: gzip, deflate, br  >>>>> #
 ### data log ---> 23/11/22 22:16:05  >>>>> : Accept-Language: pt-BR,pt;q=0.9,en;q=0.8,en-GB;q=0.7,en-US;q=0.6  >>>>> #
 ### data log ---> 23/11/22 22:16:05  >>>>> : Cookie: adminer_version=4.8.1  >>>>> #
 ### data log ---> 23/11/22 22:16:05  >>>>> : "GET"  >>>>> #
 ### data log ---> 23/11/22 22:16:05  >>>>> : /index.php  >>>>> #
 ### data log ---> 23/11/22 22:22:40  >>>>> : Host: localhost:8000  >>>>> #
 ### data log ---> 23/11/22 22:22:40  >>>>> : Connection: keep-alive  >>>>> #
 ### data log ---> 23/11/22 22:22:40  >>>>> : sec-ch-ua: "Microsoft Edge";v="107", "Chromium";v="107", "Not=A?Brand";v="24"  >>>>> #
 ### data log ---> 23/11/22 22:22:40  >>>>> : sec-ch-ua-mobile: ?0  >>>>> #
 ### data log ---> 23/11/22 22:22:40  >>>>> : sec-ch-ua-platform: "Linux"  >>>>> #
 ### data log ---> 23/11/22 22:22:40  >>>>> : Upgrade-Insecure-Requests: 1  >>>>> #
 ### data log ---> 23/11/22 22:22:40  >>>>> : User-Agent: Mozilla/5.0 (X11; Linux x86_64) AppleWebKit/537.36 (KHTML, like Gecko) Chrome/107.0.0.0 Safari/537.36 Edg/107.0.1418.56  >>>>> #
 ### data log ---> 23/11/22 22:22:40  >>>>> : Accept: text/html,application/xhtml+xml,application/xml;q=0.9,image/webp,image/apng,*/*;q=0.8,application/signed-exchange;v=b3;q=0.9  >>>>> #
 ### data log ---> 23/11/22 22:22:40  >>>>> : Purpose: prefetch  >>>>> #
 ### data log ---> 23/11/22 22:22:40  >>>>> : Sec-Fetch-Site: none  >>>>> #
 ### data log ---> 23/11/22 22:22:40  >>>>> : Sec-Fetch-Mode: navigate  >>>>> #
 ### data log ---> 23/11/22 22:22:40  >>>>> : Sec-Fetch-User: ?1  >>>>> #
 ### data log ---> 23/11/22 22:22:40  >>>>> : Sec-Fetch-Dest: document  >>>>> #
 ### data log ---> 23/11/22 22:22:40  >>>>> : Accept-Encoding: gzip, deflate, br  >>>>> #
 ### data log ---> 23/11/22 22:22:40  >>>>> : Accept-Language: pt-BR,pt;q=0.9,en;q=0.8,en-GB;q=0.7,en-US;q=0.6  >>>>> #
 ### data log ---> 23/11/22 22:22:40  >>>>> : Cookie: adminer_version=4.8.1  >>>>> #
 ### data log ---> 23/11/22 22:22:40  >>>>> : "GET"  >>>>> #
 ### data log ---> 23/11/22 22:22:40  >>>>> : /  >>>>> #
 ### data log ---> 23/11/22 22:30:02  >>>>> : Host: localhost:8001  >>>>> #
 ### data log ---> 23/11/22 22:30:02  >>>>> : Connection: keep-alive  >>>>> #
 ### data log ---> 23/11/22 22:30:02  >>>>> : Cache-Control: max-age=0  >>>>> #
 ### data log ---> 23/11/22 22:30:02  >>>>> : sec-ch-ua: "Microsoft Edge";v="107", "Chromium";v="107", "Not=A?Brand";v="24"  >>>>> #
 ### data log ---> 23/11/22 22:30:02  >>>>> : sec-ch-ua-mobile: ?0  >>>>> #
 ### data log ---> 23/11/22 22:30:02  >>>>> : sec-ch-ua-platform: "Linux"  >>>>> #
 ### data log ---> 23/11/22 22:30:02  >>>>> : Upgrade-Insecure-Requests: 1  >>>>> #
 ### data log ---> 23/11/22 22:30:02  >>>>> : User-Agent: Mozilla/5.0 (X11; Linux x86_64) AppleWebKit/537.36 (KHTML, like Gecko) Chrome/107.0.0.0 Safari/537.36 Edg/107.0.1418.56  >>>>> #
 ### data log ---> 23/11/22 22:30:02  >>>>> : Accept: text/html,application/xhtml+xml,application/xml;q=0.9,image/webp,image/apng,*/*;q=0.8,application/signed-exchange;v=b3;q=0.9  >>>>> #
 ### data log ---> 23/11/22 22:30:02  >>>>> : Sec-Fetch-Site: none  >>>>> #
 ### data log ---> 23/11/22 22:30:02  >>>>> : Sec-Fetch-Mode: navigate  >>>>> #
 ### data log ---> 23/11/22 22:30:02  >>>>> : Sec-Fetch-User: ?1  >>>>> #
 ### data log ---> 23/11/22 22:30:02  >>>>> : Sec-Fetch-Dest: document  >>>>> #
 ### data log ---> 23/11/22 22:30:02  >>>>> : Accept-Encoding: gzip, deflate, br  >>>>> #
 ### data log ---> 23/11/22 22:30:02  >>>>> : Accept-Language: pt-BR,pt;q=0.9,en;q=0.8,en-GB;q=0.7,en-US;q=0.6  >>>>> #
 ### data log ---> 23/11/22 22:30:02  >>>>> : Cookie: adminer_version=4.8.1  >>>>> #
 ### data log ---> 23/11/22 22:30:02  >>>>> : "GET"  >>>>> #
 ### data log ---> 23/11/22 22:30:02  >>>>> : /  >>>>> #
 ### data log ---> 23/11/22 22:30:09  >>>>> : Host: localhost:8001  >>>>> #
 ### data log ---> 23/11/22 22:30:09  >>>>> : Connection: keep-alive  >>>>> #
 ### data log ---> 23/11/22 22:30:09  >>>>> : Cache-Control: max-age=0  >>>>> #
 ### data log ---> 23/11/22 22:30:09  >>>>> : sec-ch-ua: "Microsoft Edge";v="107", "Chromium";v="107", "Not=A?Brand";v="24"  >>>>> #
 ### data log ---> 23/11/22 22:30:09  >>>>> : sec-ch-ua-mobile: ?0  >>>>> #
 ### data log ---> 23/11/22 22:30:09  >>>>> : sec-ch-ua-platform: "Linux"  >>>>> #
 ### data log ---> 23/11/22 22:30:09  >>>>> : Upgrade-Insecure-Requests: 1  >>>>> #
 ### data log ---> 23/11/22 22:30:09  >>>>> : User-Agent: Mozilla/5.0 (X11; Linux x86_64) AppleWebKit/537.36 (KHTML, like Gecko) Chrome/107.0.0.0 Safari/537.36 Edg/107.0.1418.56  >>>>> #
 ### data log ---> 23/11/22 22:30:09  >>>>> : Accept: text/html,application/xhtml+xml,application/xml;q=0.9,image/webp,image/apng,*/*;q=0.8,application/signed-exchange;v=b3;q=0.9  >>>>> #
 ### data log ---> 23/11/22 22:30:09  >>>>> : Sec-Fetch-Site: none  >>>>> #
 ### data log ---> 23/11/22 22:30:09  >>>>> : Sec-Fetch-Mode: navigate  >>>>> #
 ### data log ---> 23/11/22 22:30:09  >>>>> : Sec-Fetch-User: ?1  >>>>> #
 ### data log ---> 23/11/22 22:30:09  >>>>> : Sec-Fetch-Dest: document  >>>>> #
 ### data log ---> 23/11/22 22:30:09  >>>>> : Accept-Encoding: gzip, deflate, br  >>>>> #
 ### data log ---> 23/11/22 22:30:09  >>>>> : Accept-Language: pt-BR,pt;q=0.9,en;q=0.8,en-GB;q=0.7,en-US;q=0.6  >>>>> #
 ### data log ---> 23/11/22 22:30:09  >>>>> : Cookie: adminer_version=4.8.1  >>>>> #
 ### data log ---> 23/11/22 22:30:09  >>>>> : "GET"  >>>>> #
 ### data log ---> 23/11/22 22:30:09  >>>>> : /  >>>>> #
 ### data log ---> 23/11/22 22:30:15  >>>>> : Host: localhost:8001  >>>>> #
 ### data log ---> 23/11/22 22:30:15  >>>>> : Connection: keep-alive  >>>>> #
 ### data log ---> 23/11/22 22:30:15  >>>>> : Cache-Control: max-age=0  >>>>> #
 ### data log ---> 23/11/22 22:30:15  >>>>> : sec-ch-ua: "Microsoft Edge";v="107", "Chromium";v="107", "Not=A?Brand";v="24"  >>>>> #
 ### data log ---> 23/11/22 22:30:15  >>>>> : sec-ch-ua-mobile: ?0  >>>>> #
 ### data log ---> 23/11/22 22:30:15  >>>>> : sec-ch-ua-platform: "Linux"  >>>>> #
 ### data log ---> 23/11/22 22:30:15  >>>>> : Upgrade-Insecure-Requests: 1  >>>>> #
 ### data log ---> 23/11/22 22:30:15  >>>>> : User-Agent: Mozilla/5.0 (X11; Linux x86_64) AppleWebKit/537.36 (KHTML, like Gecko) Chrome/107.0.0.0 Safari/537.36 Edg/107.0.1418.56  >>>>> #
 ### data log ---> 23/11/22 22:30:15  >>>>> : Accept: text/html,application/xhtml+xml,application/xml;q=0.9,image/webp,image/apng,*/*;q=0.8,application/signed-exchange;v=b3;q=0.9  >>>>> #
 ### data log ---> 23/11/22 22:30:15  >>>>> : Sec-Fetch-Site: none  >>>>> #
 ### data log ---> 23/11/22 22:30:15  >>>>> : Sec-Fetch-Mode: navigate  >>>>> #
 ### data log ---> 23/11/22 22:30:15  >>>>> : Sec-Fetch-User: ?1  >>>>> #
 ### data log ---> 23/11/22 22:30:15  >>>>> : Sec-Fetch-Dest: document  >>>>> #
 ### data log ---> 23/11/22 22:30:15  >>>>> : Accept-Encoding: gzip, deflate, br  >>>>> #
 ### data log ---> 23/11/22 22:30:15  >>>>> : Accept-Language: pt-BR,pt;q=0.9,en;q=0.8,en-GB;q=0.7,en-US;q=0.6  >>>>> #
 ### data log ---> 23/11/22 22:30:15  >>>>> : Cookie: adminer_version=4.8.1  >>>>> #
 ### data log ---> 23/11/22 22:30:15  >>>>> : "GET"  >>>>> #
 ### data log ---> 23/11/22 22:30:15  >>>>> : /  >>>>> #
 ### data log ---> 23/11/22 22:30:16  >>>>> : Host: localhost:8001  >>>>> #
 ### data log ---> 23/11/22 22:30:16  >>>>> : Connection: keep-alive  >>>>> #
 ### data log ---> 23/11/22 22:30:16  >>>>> : Cache-Control: max-age=0  >>>>> #
 ### data log ---> 23/11/22 22:30:16  >>>>> : sec-ch-ua: "Microsoft Edge";v="107", "Chromium";v="107", "Not=A?Brand";v="24"  >>>>> #
 ### data log ---> 23/11/22 22:30:16  >>>>> : sec-ch-ua-mobile: ?0  >>>>> #
 ### data log ---> 23/11/22 22:30:16  >>>>> : sec-ch-ua-platform: "Linux"  >>>>> #
 ### data log ---> 23/11/22 22:30:16  >>>>> : Upgrade-Insecure-Requests: 1  >>>>> #
 ### data log ---> 23/11/22 22:30:16  >>>>> : User-Agent: Mozilla/5.0 (X11; Linux x86_64) AppleWebKit/537.36 (KHTML, like Gecko) Chrome/107.0.0.0 Safari/537.36 Edg/107.0.1418.56  >>>>> #
 ### data log ---> 23/11/22 22:30:16  >>>>> : Accept: text/html,application/xhtml+xml,application/xml;q=0.9,image/webp,image/apng,*/*;q=0.8,application/signed-exchange;v=b3;q=0.9  >>>>> #
 ### data log ---> 23/11/22 22:30:16  >>>>> : Sec-Fetch-Site: none  >>>>> #
 ### data log ---> 23/11/22 22:30:16  >>>>> : Sec-Fetch-Mode: navigate  >>>>> #
 ### data log ---> 23/11/22 22:30:16  >>>>> : Sec-Fetch-User: ?1  >>>>> #
 ### data log ---> 23/11/22 22:30:16  >>>>> : Sec-Fetch-Dest: document  >>>>> #
 ### data log ---> 23/11/22 22:30:16  >>>>> : Accept-Encoding: gzip, deflate, br  >>>>> #
 ### data log ---> 23/11/22 22:30:16  >>>>> : Accept-Language: pt-BR,pt;q=0.9,en;q=0.8,en-GB;q=0.7,en-US;q=0.6  >>>>> #
 ### data log ---> 23/11/22 22:30:16  >>>>> : Cookie: adminer_version=4.8.1  >>>>> #
 ### data log ---> 23/11/22 22:30:16  >>>>> : "GET"  >>>>> #
 ### data log ---> 23/11/22 22:30:16  >>>>> : /  >>>>> #
 ### data log ---> 23/11/22 22:30:16  >>>>> : Host: localhost:8001  >>>>> #
 ### data log ---> 23/11/22 22:30:16  >>>>> : Connection: keep-alive  >>>>> #
 ### data log ---> 23/11/22 22:30:16  >>>>> : Cache-Control: max-age=0  >>>>> #
 ### data log ---> 23/11/22 22:30:16  >>>>> : sec-ch-ua: "Microsoft Edge";v="107", "Chromium";v="107", "Not=A?Brand";v="24"  >>>>> #
 ### data log ---> 23/11/22 22:30:16  >>>>> : sec-ch-ua-mobile: ?0  >>>>> #
 ### data log ---> 23/11/22 22:30:16  >>>>> : sec-ch-ua-platform: "Linux"  >>>>> #
 ### data log ---> 23/11/22 22:30:16  >>>>> : Upgrade-Insecure-Requests: 1  >>>>> #
 ### data log ---> 23/11/22 22:30:16  >>>>> : User-Agent: Mozilla/5.0 (X11; Linux x86_64) AppleWebKit/537.36 (KHTML, like Gecko) Chrome/107.0.0.0 Safari/537.36 Edg/107.0.1418.56  >>>>> #
 ### data log ---> 23/11/22 22:30:16  >>>>> : Accept: text/html,application/xhtml+xml,application/xml;q=0.9,image/webp,image/apng,*/*;q=0.8,application/signed-exchange;v=b3;q=0.9  >>>>> #
 ### data log ---> 23/11/22 22:30:16  >>>>> : Sec-Fetch-Site: none  >>>>> #
 ### data log ---> 23/11/22 22:30:16  >>>>> : Sec-Fetch-Mode: navigate  >>>>> #
 ### data log ---> 23/11/22 22:30:16  >>>>> : Sec-Fetch-User: ?1  >>>>> #
 ### data log ---> 23/11/22 22:30:16  >>>>> : Sec-Fetch-Dest: document  >>>>> #
 ### data log ---> 23/11/22 22:30:16  >>>>> : Accept-Encoding: gzip, deflate, br  >>>>> #
 ### data log ---> 23/11/22 22:30:16  >>>>> : Accept-Language: pt-BR,pt;q=0.9,en;q=0.8,en-GB;q=0.7,en-US;q=0.6  >>>>> #
 ### data log ---> 23/11/22 22:30:16  >>>>> : Cookie: adminer_version=4.8.1  >>>>> #
 ### data log ---> 23/11/22 22:30:16  >>>>> : "GET"  >>>>> #
 ### data log ---> 23/11/22 22:30:16  >>>>> : /  >>>>> #
 ### data log ---> 23/11/22 22:30:17  >>>>> : Host: localhost:8001  >>>>> #
 ### data log ---> 23/11/22 22:30:17  >>>>> : Connection: keep-alive  >>>>> #
 ### data log ---> 23/11/22 22:30:17  >>>>> : Cache-Control: max-age=0  >>>>> #
 ### data log ---> 23/11/22 22:30:17  >>>>> : sec-ch-ua: "Microsoft Edge";v="107", "Chromium";v="107", "Not=A?Brand";v="24"  >>>>> #
 ### data log ---> 23/11/22 22:30:17  >>>>> : sec-ch-ua-mobile: ?0  >>>>> #
 ### data log ---> 23/11/22 22:30:17  >>>>> : sec-ch-ua-platform: "Linux"  >>>>> #
 ### data log ---> 23/11/22 22:30:17  >>>>> : Upgrade-Insecure-Requests: 1  >>>>> #
 ### data log ---> 23/11/22 22:30:17  >>>>> : User-Agent: Mozilla/5.0 (X11; Linux x86_64) AppleWebKit/537.36 (KHTML, like Gecko) Chrome/107.0.0.0 Safari/537.36 Edg/107.0.1418.56  >>>>> #
 ### data log ---> 23/11/22 22:30:17  >>>>> : Accept: text/html,application/xhtml+xml,application/xml;q=0.9,image/webp,image/apng,*/*;q=0.8,application/signed-exchange;v=b3;q=0.9  >>>>> #
 ### data log ---> 23/11/22 22:30:17  >>>>> : Sec-Fetch-Site: none  >>>>> #
 ### data log ---> 23/11/22 22:30:17  >>>>> : Sec-Fetch-Mode: navigate  >>>>> #
 ### data log ---> 23/11/22 22:30:17  >>>>> : Sec-Fetch-User: ?1  >>>>> #
 ### data log ---> 23/11/22 22:30:17  >>>>> : Sec-Fetch-Dest: document  >>>>> #
 ### data log ---> 23/11/22 22:30:17  >>>>> : Accept-Encoding: gzip, deflate, br  >>>>> #
 ### data log ---> 23/11/22 22:30:17  >>>>> : Accept-Language: pt-BR,pt;q=0.9,en;q=0.8,en-GB;q=0.7,en-US;q=0.6  >>>>> #
 ### data log ---> 23/11/22 22:30:17  >>>>> : Cookie: adminer_version=4.8.1  >>>>> #
 ### data log ---> 23/11/22 22:30:17  >>>>> : "GET"  >>>>> #
 ### data log ---> 23/11/22 22:30:17  >>>>> : /  >>>>> #
 ### data log ---> 23/11/22 22:30:25  >>>>> : Host: localhost:8001  >>>>> #
 ### data log ---> 23/11/22 22:30:25  >>>>> : Connection: keep-alive  >>>>> #
 ### data log ---> 23/11/22 22:30:25  >>>>> : Cache-Control: max-age=0  >>>>> #
 ### data log ---> 23/11/22 22:30:25  >>>>> : sec-ch-ua: "Microsoft Edge";v="107", "Chromium";v="107", "Not=A?Brand";v="24"  >>>>> #
 ### data log ---> 23/11/22 22:30:25  >>>>> : sec-ch-ua-mobile: ?0  >>>>> #
 ### data log ---> 23/11/22 22:30:25  >>>>> : sec-ch-ua-platform: "Linux"  >>>>> #
 ### data log ---> 23/11/22 22:30:25  >>>>> : Upgrade-Insecure-Requests: 1  >>>>> #
 ### data log ---> 23/11/22 22:30:25  >>>>> : User-Agent: Mozilla/5.0 (X11; Linux x86_64) AppleWebKit/537.36 (KHTML, like Gecko) Chrome/107.0.0.0 Safari/537.36 Edg/107.0.1418.56  >>>>> #
 ### data log ---> 23/11/22 22:30:25  >>>>> : Accept: text/html,application/xhtml+xml,application/xml;q=0.9,image/webp,image/apng,*/*;q=0.8,application/signed-exchange;v=b3;q=0.9  >>>>> #
 ### data log ---> 23/11/22 22:30:25  >>>>> : Sec-Fetch-Site: none  >>>>> #
 ### data log ---> 23/11/22 22:30:25  >>>>> : Sec-Fetch-Mode: navigate  >>>>> #
 ### data log ---> 23/11/22 22:30:25  >>>>> : Sec-Fetch-User: ?1  >>>>> #
 ### data log ---> 23/11/22 22:30:25  >>>>> : Sec-Fetch-Dest: document  >>>>> #
 ### data log ---> 23/11/22 22:30:25  >>>>> : Accept-Encoding: gzip, deflate, br  >>>>> #
 ### data log ---> 23/11/22 22:30:25  >>>>> : Accept-Language: pt-BR,pt;q=0.9,en;q=0.8,en-GB;q=0.7,en-US;q=0.6  >>>>> #
 ### data log ---> 23/11/22 22:30:25  >>>>> : Cookie: adminer_version=4.8.1  >>>>> #
 ### data log ---> 23/11/22 22:30:25  >>>>> : "GET"  >>>>> #
 ### data log ---> 23/11/22 22:30:25  >>>>> : /  >>>>> #
 ### data log ---> 23/11/22 22:30:26  >>>>> : Host: localhost:8001  >>>>> #
 ### data log ---> 23/11/22 22:30:26  >>>>> : Connection: keep-alive  >>>>> #
 ### data log ---> 23/11/22 22:30:26  >>>>> : Cache-Control: max-age=0  >>>>> #
 ### data log ---> 23/11/22 22:30:26  >>>>> : sec-ch-ua: "Microsoft Edge";v="107", "Chromium";v="107", "Not=A?Brand";v="24"  >>>>> #
 ### data log ---> 23/11/22 22:30:26  >>>>> : sec-ch-ua-mobile: ?0  >>>>> #
 ### data log ---> 23/11/22 22:30:26  >>>>> : sec-ch-ua-platform: "Linux"  >>>>> #
 ### data log ---> 23/11/22 22:30:26  >>>>> : Upgrade-Insecure-Requests: 1  >>>>> #
 ### data log ---> 23/11/22 22:30:26  >>>>> : User-Agent: Mozilla/5.0 (X11; Linux x86_64) AppleWebKit/537.36 (KHTML, like Gecko) Chrome/107.0.0.0 Safari/537.36 Edg/107.0.1418.56  >>>>> #
 ### data log ---> 23/11/22 22:30:26  >>>>> : Accept: text/html,application/xhtml+xml,application/xml;q=0.9,image/webp,image/apng,*/*;q=0.8,application/signed-exchange;v=b3;q=0.9  >>>>> #
 ### data log ---> 23/11/22 22:30:26  >>>>> : Sec-Fetch-Site: none  >>>>> #
 ### data log ---> 23/11/22 22:30:26  >>>>> : Sec-Fetch-Mode: navigate  >>>>> #
 ### data log ---> 23/11/22 22:30:26  >>>>> : Sec-Fetch-User: ?1  >>>>> #
 ### data log ---> 23/11/22 22:30:26  >>>>> : Sec-Fetch-Dest: document  >>>>> #
 ### data log ---> 23/11/22 22:30:26  >>>>> : Accept-Encoding: gzip, deflate, br  >>>>> #
 ### data log ---> 23/11/22 22:30:26  >>>>> : Accept-Language: pt-BR,pt;q=0.9,en;q=0.8,en-GB;q=0.7,en-US;q=0.6  >>>>> #
 ### data log ---> 23/11/22 22:30:26  >>>>> : Cookie: adminer_version=4.8.1  >>>>> #
 ### data log ---> 23/11/22 22:30:26  >>>>> : "GET"  >>>>> #
 ### data log ---> 23/11/22 22:30:26  >>>>> : /  >>>>> #
 ### data log ---> 23/11/22 22:30:26  >>>>> : Host: localhost:8001  >>>>> #
 ### data log ---> 23/11/22 22:30:26  >>>>> : Connection: keep-alive  >>>>> #
 ### data log ---> 23/11/22 22:30:26  >>>>> : Cache-Control: max-age=0  >>>>> #
 ### data log ---> 23/11/22 22:30:26  >>>>> : sec-ch-ua: "Microsoft Edge";v="107", "Chromium";v="107", "Not=A?Brand";v="24"  >>>>> #
 ### data log ---> 23/11/22 22:30:26  >>>>> : sec-ch-ua-mobile: ?0  >>>>> #
 ### data log ---> 23/11/22 22:30:26  >>>>> : sec-ch-ua-platform: "Linux"  >>>>> #
 ### data log ---> 23/11/22 22:30:26  >>>>> : Upgrade-Insecure-Requests: 1  >>>>> #
 ### data log ---> 23/11/22 22:30:26  >>>>> : User-Agent: Mozilla/5.0 (X11; Linux x86_64) AppleWebKit/537.36 (KHTML, like Gecko) Chrome/107.0.0.0 Safari/537.36 Edg/107.0.1418.56  >>>>> #
 ### data log ---> 23/11/22 22:30:26  >>>>> : Accept: text/html,application/xhtml+xml,application/xml;q=0.9,image/webp,image/apng,*/*;q=0.8,application/signed-exchange;v=b3;q=0.9  >>>>> #
 ### data log ---> 23/11/22 22:30:26  >>>>> : Sec-Fetch-Site: none  >>>>> #
 ### data log ---> 23/11/22 22:30:26  >>>>> : Sec-Fetch-Mode: navigate  >>>>> #
 ### data log ---> 23/11/22 22:30:26  >>>>> : Sec-Fetch-User: ?1  >>>>> #
 ### data log ---> 23/11/22 22:30:26  >>>>> : Sec-Fetch-Dest: document  >>>>> #
 ### data log ---> 23/11/22 22:30:26  >>>>> : Accept-Encoding: gzip, deflate, br  >>>>> #
 ### data log ---> 23/11/22 22:30:26  >>>>> : Accept-Language: pt-BR,pt;q=0.9,en;q=0.8,en-GB;q=0.7,en-US;q=0.6  >>>>> #
 ### data log ---> 23/11/22 22:30:26  >>>>> : Cookie: adminer_version=4.8.1  >>>>> #
 ### data log ---> 23/11/22 22:30:26  >>>>> : "GET"  >>>>> #
 ### data log ---> 23/11/22 22:30:26  >>>>> : /  >>>>> #
 ### data log ---> 23/11/22 22:30:26  >>>>> : Host: localhost:8001  >>>>> #
 ### data log ---> 23/11/22 22:30:26  >>>>> : Connection: keep-alive  >>>>> #
 ### data log ---> 23/11/22 22:30:26  >>>>> : Cache-Control: max-age=0  >>>>> #
 ### data log ---> 23/11/22 22:30:26  >>>>> : sec-ch-ua: "Microsoft Edge";v="107", "Chromium";v="107", "Not=A?Brand";v="24"  >>>>> #
 ### data log ---> 23/11/22 22:30:26  >>>>> : sec-ch-ua-mobile: ?0  >>>>> #
 ### data log ---> 23/11/22 22:30:26  >>>>> : sec-ch-ua-platform: "Linux"  >>>>> #
 ### data log ---> 23/11/22 22:30:26  >>>>> : Upgrade-Insecure-Requests: 1  >>>>> #
 ### data log ---> 23/11/22 22:30:26  >>>>> : User-Agent: Mozilla/5.0 (X11; Linux x86_64) AppleWebKit/537.36 (KHTML, like Gecko) Chrome/107.0.0.0 Safari/537.36 Edg/107.0.1418.56  >>>>> #
 ### data log ---> 23/11/22 22:30:26  >>>>> : Accept: text/html,application/xhtml+xml,application/xml;q=0.9,image/webp,image/apng,*/*;q=0.8,application/signed-exchange;v=b3;q=0.9  >>>>> #
 ### data log ---> 23/11/22 22:30:26  >>>>> : Sec-Fetch-Site: none  >>>>> #
 ### data log ---> 23/11/22 22:30:26  >>>>> : Sec-Fetch-Mode: navigate  >>>>> #
 ### data log ---> 23/11/22 22:30:26  >>>>> : Sec-Fetch-User: ?1  >>>>> #
 ### data log ---> 23/11/22 22:30:26  >>>>> : Sec-Fetch-Dest: document  >>>>> #
 ### data log ---> 23/11/22 22:30:26  >>>>> : Accept-Encoding: gzip, deflate, br  >>>>> #
 ### data log ---> 23/11/22 22:30:26  >>>>> : Accept-Language: pt-BR,pt;q=0.9,en;q=0.8,en-GB;q=0.7,en-US;q=0.6  >>>>> #
 ### data log ---> 23/11/22 22:30:26  >>>>> : Cookie: adminer_version=4.8.1  >>>>> #
 ### data log ---> 23/11/22 22:30:26  >>>>> : "GET"  >>>>> #
 ### data log ---> 23/11/22 22:30:26  >>>>> : /  >>>>> #
 ### data log ---> 23/11/22 22:30:41  >>>>> : Host: localhost:8001  >>>>> #
 ### data log ---> 23/11/22 22:30:41  >>>>> : Connection: keep-alive  >>>>> #
 ### data log ---> 23/11/22 22:30:41  >>>>> : Cache-Control: max-age=0  >>>>> #
 ### data log ---> 23/11/22 22:30:41  >>>>> : sec-ch-ua: "Microsoft Edge";v="107", "Chromium";v="107", "Not=A?Brand";v="24"  >>>>> #
 ### data log ---> 23/11/22 22:30:41  >>>>> : sec-ch-ua-mobile: ?0  >>>>> #
 ### data log ---> 23/11/22 22:30:41  >>>>> : sec-ch-ua-platform: "Linux"  >>>>> #
 ### data log ---> 23/11/22 22:30:41  >>>>> : Upgrade-Insecure-Requests: 1  >>>>> #
 ### data log ---> 23/11/22 22:30:41  >>>>> : User-Agent: Mozilla/5.0 (X11; Linux x86_64) AppleWebKit/537.36 (KHTML, like Gecko) Chrome/107.0.0.0 Safari/537.36 Edg/107.0.1418.56  >>>>> #
 ### data log ---> 23/11/22 22:30:41  >>>>> : Accept: text/html,application/xhtml+xml,application/xml;q=0.9,image/webp,image/apng,*/*;q=0.8,application/signed-exchange;v=b3;q=0.9  >>>>> #
 ### data log ---> 23/11/22 22:30:41  >>>>> : Sec-Fetch-Site: none  >>>>> #
 ### data log ---> 23/11/22 22:30:41  >>>>> : Sec-Fetch-Mode: navigate  >>>>> #
 ### data log ---> 23/11/22 22:30:41  >>>>> : Sec-Fetch-User: ?1  >>>>> #
 ### data log ---> 23/11/22 22:30:41  >>>>> : Sec-Fetch-Dest: document  >>>>> #
 ### data log ---> 23/11/22 22:30:41  >>>>> : Accept-Encoding: gzip, deflate, br  >>>>> #
 ### data log ---> 23/11/22 22:30:41  >>>>> : Accept-Language: pt-BR,pt;q=0.9,en;q=0.8,en-GB;q=0.7,en-US;q=0.6  >>>>> #
 ### data log ---> 23/11/22 22:30:41  >>>>> : Cookie: adminer_version=4.8.1  >>>>> #
 ### data log ---> 23/11/22 22:30:41  >>>>> : "GET"  >>>>> #
 ### data log ---> 23/11/22 22:30:41  >>>>> : /  >>>>> #
 ### data log ---> 23/11/22 22:31:04  >>>>> : Host: localhost:8001  >>>>> #
 ### data log ---> 23/11/22 22:31:04  >>>>> : Connection: keep-alive  >>>>> #
 ### data log ---> 23/11/22 22:31:04  >>>>> : Cache-Control: max-age=0  >>>>> #
 ### data log ---> 23/11/22 22:31:04  >>>>> : sec-ch-ua: "Microsoft Edge";v="107", "Chromium";v="107", "Not=A?Brand";v="24"  >>>>> #
 ### data log ---> 23/11/22 22:31:04  >>>>> : sec-ch-ua-mobile: ?0  >>>>> #
 ### data log ---> 23/11/22 22:31:04  >>>>> : sec-ch-ua-platform: "Linux"  >>>>> #
 ### data log ---> 23/11/22 22:31:04  >>>>> : Upgrade-Insecure-Requests: 1  >>>>> #
 ### data log ---> 23/11/22 22:31:04  >>>>> : User-Agent: Mozilla/5.0 (X11; Linux x86_64) AppleWebKit/537.36 (KHTML, like Gecko) Chrome/107.0.0.0 Safari/537.36 Edg/107.0.1418.56  >>>>> #
 ### data log ---> 23/11/22 22:31:04  >>>>> : Accept: text/html,application/xhtml+xml,application/xml;q=0.9,image/webp,image/apng,*/*;q=0.8,application/signed-exchange;v=b3;q=0.9  >>>>> #
 ### data log ---> 23/11/22 22:31:04  >>>>> : Sec-Fetch-Site: none  >>>>> #
 ### data log ---> 23/11/22 22:31:04  >>>>> : Sec-Fetch-Mode: navigate  >>>>> #
 ### data log ---> 23/11/22 22:31:04  >>>>> : Sec-Fetch-User: ?1  >>>>> #
 ### data log ---> 23/11/22 22:31:04  >>>>> : Sec-Fetch-Dest: document  >>>>> #
 ### data log ---> 23/11/22 22:31:04  >>>>> : Accept-Encoding: gzip, deflate, br  >>>>> #
 ### data log ---> 23/11/22 22:31:04  >>>>> : Accept-Language: pt-BR,pt;q=0.9,en;q=0.8,en-GB;q=0.7,en-US;q=0.6  >>>>> #
 ### data log ---> 23/11/22 22:31:04  >>>>> : Cookie: adminer_version=4.8.1  >>>>> #
 ### data log ---> 23/11/22 22:31:04  >>>>> : "GET"  >>>>> #
 ### data log ---> 23/11/22 22:31:04  >>>>> : /  >>>>> #
 ### data log ---> 23/11/22 22:31:57  >>>>> : Host: localhost:8001  >>>>> #
 ### data log ---> 23/11/22 22:31:57  >>>>> : Connection: keep-alive  >>>>> #
 ### data log ---> 23/11/22 22:31:57  >>>>> : Cache-Control: max-age=0  >>>>> #
 ### data log ---> 23/11/22 22:31:57  >>>>> : sec-ch-ua: "Microsoft Edge";v="107", "Chromium";v="107", "Not=A?Brand";v="24"  >>>>> #
 ### data log ---> 23/11/22 22:31:57  >>>>> : sec-ch-ua-mobile: ?0  >>>>> #
 ### data log ---> 23/11/22 22:31:57  >>>>> : sec-ch-ua-platform: "Linux"  >>>>> #
 ### data log ---> 23/11/22 22:31:57  >>>>> : Upgrade-Insecure-Requests: 1  >>>>> #
 ### data log ---> 23/11/22 22:31:57  >>>>> : User-Agent: Mozilla/5.0 (X11; Linux x86_64) AppleWebKit/537.36 (KHTML, like Gecko) Chrome/107.0.0.0 Safari/537.36 Edg/107.0.1418.56  >>>>> #
 ### data log ---> 23/11/22 22:31:57  >>>>> : Accept: text/html,application/xhtml+xml,application/xml;q=0.9,image/webp,image/apng,*/*;q=0.8,application/signed-exchange;v=b3;q=0.9  >>>>> #
 ### data log ---> 23/11/22 22:31:57  >>>>> : Sec-Fetch-Site: none  >>>>> #
 ### data log ---> 23/11/22 22:31:57  >>>>> : Sec-Fetch-Mode: navigate  >>>>> #
 ### data log ---> 23/11/22 22:31:57  >>>>> : Sec-Fetch-User: ?1  >>>>> #
 ### data log ---> 23/11/22 22:31:57  >>>>> : Sec-Fetch-Dest: document  >>>>> #
 ### data log ---> 23/11/22 22:31:57  >>>>> : Accept-Encoding: gzip, deflate, br  >>>>> #
 ### data log ---> 23/11/22 22:31:57  >>>>> : Accept-Language: pt-BR,pt;q=0.9,en;q=0.8,en-GB;q=0.7,en-US;q=0.6  >>>>> #
 ### data log ---> 23/11/22 22:31:57  >>>>> : Cookie: adminer_version=4.8.1  >>>>> #
 ### data log ---> 23/11/22 22:31:57  >>>>> : "GET"  >>>>> #
 ### data log ---> 23/11/22 22:31:57  >>>>> : /  >>>>> #
 ### data log ---> 23/11/22 22:33:54  >>>>> : Host: localhost:8001  >>>>> #
 ### data log ---> 23/11/22 22:33:54  >>>>> : Connection: keep-alive  >>>>> #
 ### data log ---> 23/11/22 22:33:54  >>>>> : Cache-Control: max-age=0  >>>>> #
 ### data log ---> 23/11/22 22:33:54  >>>>> : sec-ch-ua: "Microsoft Edge";v="107", "Chromium";v="107", "Not=A?Brand";v="24"  >>>>> #
 ### data log ---> 23/11/22 22:33:54  >>>>> : sec-ch-ua-mobile: ?0  >>>>> #
 ### data log ---> 23/11/22 22:33:54  >>>>> : sec-ch-ua-platform: "Linux"  >>>>> #
 ### data log ---> 23/11/22 22:33:54  >>>>> : Upgrade-Insecure-Requests: 1  >>>>> #
 ### data log ---> 23/11/22 22:33:54  >>>>> : User-Agent: Mozilla/5.0 (X11; Linux x86_64) AppleWebKit/537.36 (KHTML, like Gecko) Chrome/107.0.0.0 Safari/537.36 Edg/107.0.1418.56  >>>>> #
 ### data log ---> 23/11/22 22:33:54  >>>>> : Accept: text/html,application/xhtml+xml,application/xml;q=0.9,image/webp,image/apng,*/*;q=0.8,application/signed-exchange;v=b3;q=0.9  >>>>> #
 ### data log ---> 23/11/22 22:33:54  >>>>> : Sec-Fetch-Site: none  >>>>> #
 ### data log ---> 23/11/22 22:33:54  >>>>> : Sec-Fetch-Mode: navigate  >>>>> #
 ### data log ---> 23/11/22 22:33:54  >>>>> : Sec-Fetch-User: ?1  >>>>> #
 ### data log ---> 23/11/22 22:33:54  >>>>> : Sec-Fetch-Dest: document  >>>>> #
 ### data log ---> 23/11/22 22:33:54  >>>>> : Accept-Encoding: gzip, deflate, br  >>>>> #
 ### data log ---> 23/11/22 22:33:54  >>>>> : Accept-Language: pt-BR,pt;q=0.9,en;q=0.8,en-GB;q=0.7,en-US;q=0.6  >>>>> #
 ### data log ---> 23/11/22 22:33:54  >>>>> : Cookie: adminer_version=4.8.1  >>>>> #
 ### data log ---> 23/11/22 22:33:54  >>>>> : "GET"  >>>>> #
 ### data log ---> 23/11/22 22:33:54  >>>>> : /  >>>>> #
 ### data log ---> 23/11/22 22:34:14  >>>>> : Host: localhost:8001  >>>>> #
 ### data log ---> 23/11/22 22:34:14  >>>>> : Connection: keep-alive  >>>>> #
 ### data log ---> 23/11/22 22:34:14  >>>>> : Cache-Control: max-age=0  >>>>> #
 ### data log ---> 23/11/22 22:34:14  >>>>> : sec-ch-ua: "Microsoft Edge";v="107", "Chromium";v="107", "Not=A?Brand";v="24"  >>>>> #
 ### data log ---> 23/11/22 22:34:14  >>>>> : sec-ch-ua-mobile: ?0  >>>>> #
 ### data log ---> 23/11/22 22:34:14  >>>>> : sec-ch-ua-platform: "Linux"  >>>>> #
 ### data log ---> 23/11/22 22:34:14  >>>>> : Upgrade-Insecure-Requests: 1  >>>>> #
 ### data log ---> 23/11/22 22:34:14  >>>>> : User-Agent: Mozilla/5.0 (X11; Linux x86_64) AppleWebKit/537.36 (KHTML, like Gecko) Chrome/107.0.0.0 Safari/537.36 Edg/107.0.1418.56  >>>>> #
 ### data log ---> 23/11/22 22:34:14  >>>>> : Accept: text/html,application/xhtml+xml,application/xml;q=0.9,image/webp,image/apng,*/*;q=0.8,application/signed-exchange;v=b3;q=0.9  >>>>> #
 ### data log ---> 23/11/22 22:34:14  >>>>> : Sec-Fetch-Site: none  >>>>> #
 ### data log ---> 23/11/22 22:34:14  >>>>> : Sec-Fetch-Mode: navigate  >>>>> #
 ### data log ---> 23/11/22 22:34:14  >>>>> : Sec-Fetch-User: ?1  >>>>> #
 ### data log ---> 23/11/22 22:34:14  >>>>> : Sec-Fetch-Dest: document  >>>>> #
 ### data log ---> 23/11/22 22:34:14  >>>>> : Accept-Encoding: gzip, deflate, br  >>>>> #
 ### data log ---> 23/11/22 22:34:14  >>>>> : Accept-Language: pt-BR,pt;q=0.9,en;q=0.8,en-GB;q=0.7,en-US;q=0.6  >>>>> #
 ### data log ---> 23/11/22 22:34:14  >>>>> : Cookie: adminer_version=4.8.1  >>>>> #
 ### data log ---> 23/11/22 22:34:14  >>>>> : "GET"  >>>>> #
 ### data log ---> 23/11/22 22:34:14  >>>>> : /  >>>>> #
 ### data log ---> 23/11/22 22:34:25  >>>>> : Host: localhost:8001  >>>>> #
 ### data log ---> 23/11/22 22:34:25  >>>>> : Connection: keep-alive  >>>>> #
 ### data log ---> 23/11/22 22:34:25  >>>>> : Cache-Control: max-age=0  >>>>> #
 ### data log ---> 23/11/22 22:34:25  >>>>> : sec-ch-ua: "Microsoft Edge";v="107", "Chromium";v="107", "Not=A?Brand";v="24"  >>>>> #
 ### data log ---> 23/11/22 22:34:25  >>>>> : sec-ch-ua-mobile: ?0  >>>>> #
 ### data log ---> 23/11/22 22:34:25  >>>>> : sec-ch-ua-platform: "Linux"  >>>>> #
 ### data log ---> 23/11/22 22:34:25  >>>>> : Upgrade-Insecure-Requests: 1  >>>>> #
 ### data log ---> 23/11/22 22:34:25  >>>>> : User-Agent: Mozilla/5.0 (X11; Linux x86_64) AppleWebKit/537.36 (KHTML, like Gecko) Chrome/107.0.0.0 Safari/537.36 Edg/107.0.1418.56  >>>>> #
 ### data log ---> 23/11/22 22:34:25  >>>>> : Accept: text/html,application/xhtml+xml,application/xml;q=0.9,image/webp,image/apng,*/*;q=0.8,application/signed-exchange;v=b3;q=0.9  >>>>> #
 ### data log ---> 23/11/22 22:34:25  >>>>> : Sec-Fetch-Site: none  >>>>> #
 ### data log ---> 23/11/22 22:34:25  >>>>> : Sec-Fetch-Mode: navigate  >>>>> #
 ### data log ---> 23/11/22 22:34:25  >>>>> : Sec-Fetch-User: ?1  >>>>> #
 ### data log ---> 23/11/22 22:34:25  >>>>> : Sec-Fetch-Dest: document  >>>>> #
 ### data log ---> 23/11/22 22:34:25  >>>>> : Accept-Encoding: gzip, deflate, br  >>>>> #
 ### data log ---> 23/11/22 22:34:25  >>>>> : Accept-Language: pt-BR,pt;q=0.9,en;q=0.8,en-GB;q=0.7,en-US;q=0.6  >>>>> #
 ### data log ---> 23/11/22 22:34:25  >>>>> : Cookie: adminer_version=4.8.1  >>>>> #
 ### data log ---> 23/11/22 22:34:25  >>>>> : "GET"  >>>>> #
 ### data log ---> 23/11/22 22:34:25  >>>>> : /  >>>>> #
 ### data log ---> 23/11/22 22:35:27  >>>>> : Host: localhost:8001  >>>>> #
 ### data log ---> 23/11/22 22:35:27  >>>>> : Connection: keep-alive  >>>>> #
 ### data log ---> 23/11/22 22:35:27  >>>>> : Cache-Control: max-age=0  >>>>> #
 ### data log ---> 23/11/22 22:35:27  >>>>> : sec-ch-ua: "Microsoft Edge";v="107", "Chromium";v="107", "Not=A?Brand";v="24"  >>>>> #
 ### data log ---> 23/11/22 22:35:27  >>>>> : sec-ch-ua-mobile: ?0  >>>>> #
 ### data log ---> 23/11/22 22:35:27  >>>>> : sec-ch-ua-platform: "Linux"  >>>>> #
 ### data log ---> 23/11/22 22:35:27  >>>>> : Upgrade-Insecure-Requests: 1  >>>>> #
 ### data log ---> 23/11/22 22:35:27  >>>>> : User-Agent: Mozilla/5.0 (X11; Linux x86_64) AppleWebKit/537.36 (KHTML, like Gecko) Chrome/107.0.0.0 Safari/537.36 Edg/107.0.1418.56  >>>>> #
 ### data log ---> 23/11/22 22:35:27  >>>>> : Accept: text/html,application/xhtml+xml,application/xml;q=0.9,image/webp,image/apng,*/*;q=0.8,application/signed-exchange;v=b3;q=0.9  >>>>> #
 ### data log ---> 23/11/22 22:35:27  >>>>> : Sec-Fetch-Site: none  >>>>> #
 ### data log ---> 23/11/22 22:35:27  >>>>> : Sec-Fetch-Mode: navigate  >>>>> #
 ### data log ---> 23/11/22 22:35:27  >>>>> : Sec-Fetch-User: ?1  >>>>> #
 ### data log ---> 23/11/22 22:35:27  >>>>> : Sec-Fetch-Dest: document  >>>>> #
 ### data log ---> 23/11/22 22:35:27  >>>>> : Accept-Encoding: gzip, deflate, br  >>>>> #
 ### data log ---> 23/11/22 22:35:27  >>>>> : Accept-Language: pt-BR,pt;q=0.9,en;q=0.8,en-GB;q=0.7,en-US;q=0.6  >>>>> #
 ### data log ---> 23/11/22 22:35:27  >>>>> : Cookie: adminer_version=4.8.1  >>>>> #
 ### data log ---> 23/11/22 22:35:27  >>>>> : "GET"  >>>>> #
 ### data log ---> 23/11/22 22:35:27  >>>>> : /  >>>>> #
 ### data log ---> 23/11/22 22:35:28  >>>>> : input: null  >>>>> #
 ### data log ---> 23/11/22 22:35:28  >>>>> : Service Not Found  >>>>> #
 ### data log ---> 23/11/22 22:36:10  >>>>> : Host: localhost:8001  >>>>> #
 ### data log ---> 23/11/22 22:36:10  >>>>> : Connection: keep-alive  >>>>> #
 ### data log ---> 23/11/22 22:36:10  >>>>> : Cache-Control: max-age=0  >>>>> #
 ### data log ---> 23/11/22 22:36:10  >>>>> : sec-ch-ua: "Microsoft Edge";v="107", "Chromium";v="107", "Not=A?Brand";v="24"  >>>>> #
 ### data log ---> 23/11/22 22:36:10  >>>>> : sec-ch-ua-mobile: ?0  >>>>> #
 ### data log ---> 23/11/22 22:36:10  >>>>> : sec-ch-ua-platform: "Linux"  >>>>> #
 ### data log ---> 23/11/22 22:36:10  >>>>> : Upgrade-Insecure-Requests: 1  >>>>> #
 ### data log ---> 23/11/22 22:36:10  >>>>> : User-Agent: Mozilla/5.0 (X11; Linux x86_64) AppleWebKit/537.36 (KHTML, like Gecko) Chrome/107.0.0.0 Safari/537.36 Edg/107.0.1418.56  >>>>> #
 ### data log ---> 23/11/22 22:36:10  >>>>> : Accept: text/html,application/xhtml+xml,application/xml;q=0.9,image/webp,image/apng,*/*;q=0.8,application/signed-exchange;v=b3;q=0.9  >>>>> #
 ### data log ---> 23/11/22 22:36:10  >>>>> : Sec-Fetch-Site: none  >>>>> #
 ### data log ---> 23/11/22 22:36:10  >>>>> : Sec-Fetch-Mode: navigate  >>>>> #
 ### data log ---> 23/11/22 22:36:10  >>>>> : Sec-Fetch-User: ?1  >>>>> #
 ### data log ---> 23/11/22 22:36:10  >>>>> : Sec-Fetch-Dest: document  >>>>> #
 ### data log ---> 23/11/22 22:36:10  >>>>> : Accept-Encoding: gzip, deflate, br  >>>>> #
 ### data log ---> 23/11/22 22:36:10  >>>>> : Accept-Language: pt-BR,pt;q=0.9,en;q=0.8,en-GB;q=0.7,en-US;q=0.6  >>>>> #
 ### data log ---> 23/11/22 22:36:10  >>>>> : Cookie: adminer_version=4.8.1  >>>>> #
 ### data log ---> 23/11/22 22:36:10  >>>>> : "GET"  >>>>> #
 ### data log ---> 23/11/22 22:36:10  >>>>> : /  >>>>> #
 ### data log ---> 23/11/22 22:36:10  >>>>> : input: null  >>>>> #
 ### data log ---> 23/11/22 22:36:10  >>>>> : Service Not Found  >>>>> #
 ### data log ---> 23/11/22 22:36:17  >>>>> : Host: localhost:8001  >>>>> #
 ### data log ---> 23/11/22 22:36:17  >>>>> : Connection: keep-alive  >>>>> #
 ### data log ---> 23/11/22 22:36:17  >>>>> : sec-ch-ua: "Microsoft Edge";v="107", "Chromium";v="107", "Not=A?Brand";v="24"  >>>>> #
 ### data log ---> 23/11/22 22:36:17  >>>>> : sec-ch-ua-mobile: ?0  >>>>> #
 ### data log ---> 23/11/22 22:36:17  >>>>> : sec-ch-ua-platform: "Linux"  >>>>> #
 ### data log ---> 23/11/22 22:36:17  >>>>> : Upgrade-Insecure-Requests: 1  >>>>> #
 ### data log ---> 23/11/22 22:36:17  >>>>> : User-Agent: Mozilla/5.0 (X11; Linux x86_64) AppleWebKit/537.36 (KHTML, like Gecko) Chrome/107.0.0.0 Safari/537.36 Edg/107.0.1418.56  >>>>> #
 ### data log ---> 23/11/22 22:36:17  >>>>> : Accept: text/html,application/xhtml+xml,application/xml;q=0.9,image/webp,image/apng,*/*;q=0.8,application/signed-exchange;v=b3;q=0.9  >>>>> #
 ### data log ---> 23/11/22 22:36:17  >>>>> : Sec-Fetch-Site: none  >>>>> #
 ### data log ---> 23/11/22 22:36:17  >>>>> : Sec-Fetch-Mode: navigate  >>>>> #
 ### data log ---> 23/11/22 22:36:17  >>>>> : Sec-Fetch-User: ?1  >>>>> #
 ### data log ---> 23/11/22 22:36:17  >>>>> : Sec-Fetch-Dest: document  >>>>> #
 ### data log ---> 23/11/22 22:36:17  >>>>> : Accept-Encoding: gzip, deflate, br  >>>>> #
 ### data log ---> 23/11/22 22:36:17  >>>>> : Accept-Language: pt-BR,pt;q=0.9,en;q=0.8,en-GB;q=0.7,en-US;q=0.6  >>>>> #
 ### data log ---> 23/11/22 22:36:17  >>>>> : Cookie: adminer_version=4.8.1  >>>>> #
 ### data log ---> 23/11/22 22:36:17  >>>>> : "GET"  >>>>> #
 ### data log ---> 23/11/22 22:36:17  >>>>> : /teste  >>>>> #
 ### data log ---> 23/11/22 22:36:17  >>>>> : input: null  >>>>> #
 ### data log ---> 23/11/22 22:36:24  >>>>> : Host: localhost:8001  >>>>> #
 ### data log ---> 23/11/22 22:36:24  >>>>> : Connection: keep-alive  >>>>> #
 ### data log ---> 23/11/22 22:36:24  >>>>> : Cache-Control: max-age=0  >>>>> #
 ### data log ---> 23/11/22 22:36:24  >>>>> : sec-ch-ua: "Microsoft Edge";v="107", "Chromium";v="107", "Not=A?Brand";v="24"  >>>>> #
 ### data log ---> 23/11/22 22:36:24  >>>>> : sec-ch-ua-mobile: ?0  >>>>> #
 ### data log ---> 23/11/22 22:36:24  >>>>> : sec-ch-ua-platform: "Linux"  >>>>> #
 ### data log ---> 23/11/22 22:36:24  >>>>> : Upgrade-Insecure-Requests: 1  >>>>> #
 ### data log ---> 23/11/22 22:36:24  >>>>> : User-Agent: Mozilla/5.0 (X11; Linux x86_64) AppleWebKit/537.36 (KHTML, like Gecko) Chrome/107.0.0.0 Safari/537.36 Edg/107.0.1418.56  >>>>> #
 ### data log ---> 23/11/22 22:36:24  >>>>> : Accept: text/html,application/xhtml+xml,application/xml;q=0.9,image/webp,image/apng,*/*;q=0.8,application/signed-exchange;v=b3;q=0.9  >>>>> #
 ### data log ---> 23/11/22 22:36:24  >>>>> : Sec-Fetch-Site: none  >>>>> #
 ### data log ---> 23/11/22 22:36:24  >>>>> : Sec-Fetch-Mode: navigate  >>>>> #
 ### data log ---> 23/11/22 22:36:24  >>>>> : Sec-Fetch-User: ?1  >>>>> #
 ### data log ---> 23/11/22 22:36:24  >>>>> : Sec-Fetch-Dest: document  >>>>> #
 ### data log ---> 23/11/22 22:36:24  >>>>> : Accept-Encoding: gzip, deflate, br  >>>>> #
 ### data log ---> 23/11/22 22:36:24  >>>>> : Accept-Language: pt-BR,pt;q=0.9,en;q=0.8,en-GB;q=0.7,en-US;q=0.6  >>>>> #
 ### data log ---> 23/11/22 22:36:24  >>>>> : Cookie: adminer_version=4.8.1  >>>>> #
 ### data log ---> 23/11/22 22:36:24  >>>>> : "GET"  >>>>> #
 ### data log ---> 23/11/22 22:36:24  >>>>> : /teste  >>>>> #
 ### data log ---> 23/11/22 22:36:24  >>>>> : input: null  >>>>> #
 ### data log ---> 23/11/22 22:36:46  >>>>> : Host: localhost:8001  >>>>> #
 ### data log ---> 23/11/22 22:36:46  >>>>> : Connection: keep-alive  >>>>> #
 ### data log ---> 23/11/22 22:36:46  >>>>> : Cache-Control: max-age=0  >>>>> #
 ### data log ---> 23/11/22 22:36:46  >>>>> : sec-ch-ua: "Microsoft Edge";v="107", "Chromium";v="107", "Not=A?Brand";v="24"  >>>>> #
 ### data log ---> 23/11/22 22:36:46  >>>>> : sec-ch-ua-mobile: ?0  >>>>> #
 ### data log ---> 23/11/22 22:36:46  >>>>> : sec-ch-ua-platform: "Linux"  >>>>> #
 ### data log ---> 23/11/22 22:36:46  >>>>> : Upgrade-Insecure-Requests: 1  >>>>> #
 ### data log ---> 23/11/22 22:36:46  >>>>> : User-Agent: Mozilla/5.0 (X11; Linux x86_64) AppleWebKit/537.36 (KHTML, like Gecko) Chrome/107.0.0.0 Safari/537.36 Edg/107.0.1418.56  >>>>> #
 ### data log ---> 23/11/22 22:36:46  >>>>> : Accept: text/html,application/xhtml+xml,application/xml;q=0.9,image/webp,image/apng,*/*;q=0.8,application/signed-exchange;v=b3;q=0.9  >>>>> #
 ### data log ---> 23/11/22 22:36:46  >>>>> : Sec-Fetch-Site: none  >>>>> #
 ### data log ---> 23/11/22 22:36:46  >>>>> : Sec-Fetch-Mode: navigate  >>>>> #
 ### data log ---> 23/11/22 22:36:46  >>>>> : Sec-Fetch-User: ?1  >>>>> #
 ### data log ---> 23/11/22 22:36:46  >>>>> : Sec-Fetch-Dest: document  >>>>> #
 ### data log ---> 23/11/22 22:36:46  >>>>> : Accept-Encoding: gzip, deflate, br  >>>>> #
 ### data log ---> 23/11/22 22:36:46  >>>>> : Accept-Language: pt-BR,pt;q=0.9,en;q=0.8,en-GB;q=0.7,en-US;q=0.6  >>>>> #
 ### data log ---> 23/11/22 22:36:46  >>>>> : Cookie: adminer_version=4.8.1  >>>>> #
 ### data log ---> 23/11/22 22:36:46  >>>>> : "GET"  >>>>> #
 ### data log ---> 23/11/22 22:36:46  >>>>> : /teste  >>>>> #
 ### data log ---> 23/11/22 22:36:46  >>>>> : input: null  >>>>> #
 ### data log ---> 23/11/22 22:36:46  >>>>> : Host: localhost:8001  >>>>> #
 ### data log ---> 23/11/22 22:36:46  >>>>> : Connection: keep-alive  >>>>> #
 ### data log ---> 23/11/22 22:36:46  >>>>> : Cache-Control: max-age=0  >>>>> #
 ### data log ---> 23/11/22 22:36:46  >>>>> : sec-ch-ua: "Microsoft Edge";v="107", "Chromium";v="107", "Not=A?Brand";v="24"  >>>>> #
 ### data log ---> 23/11/22 22:36:46  >>>>> : sec-ch-ua-mobile: ?0  >>>>> #
 ### data log ---> 23/11/22 22:36:46  >>>>> : sec-ch-ua-platform: "Linux"  >>>>> #
 ### data log ---> 23/11/22 22:36:46  >>>>> : Upgrade-Insecure-Requests: 1  >>>>> #
 ### data log ---> 23/11/22 22:36:46  >>>>> : User-Agent: Mozilla/5.0 (X11; Linux x86_64) AppleWebKit/537.36 (KHTML, like Gecko) Chrome/107.0.0.0 Safari/537.36 Edg/107.0.1418.56  >>>>> #
 ### data log ---> 23/11/22 22:36:46  >>>>> : Accept: text/html,application/xhtml+xml,application/xml;q=0.9,image/webp,image/apng,*/*;q=0.8,application/signed-exchange;v=b3;q=0.9  >>>>> #
 ### data log ---> 23/11/22 22:36:46  >>>>> : Sec-Fetch-Site: none  >>>>> #
 ### data log ---> 23/11/22 22:36:46  >>>>> : Sec-Fetch-Mode: navigate  >>>>> #
 ### data log ---> 23/11/22 22:36:46  >>>>> : Sec-Fetch-User: ?1  >>>>> #
 ### data log ---> 23/11/22 22:36:46  >>>>> : Sec-Fetch-Dest: document  >>>>> #
 ### data log ---> 23/11/22 22:36:46  >>>>> : Accept-Encoding: gzip, deflate, br  >>>>> #
 ### data log ---> 23/11/22 22:36:46  >>>>> : Accept-Language: pt-BR,pt;q=0.9,en;q=0.8,en-GB;q=0.7,en-US;q=0.6  >>>>> #
 ### data log ---> 23/11/22 22:36:46  >>>>> : Cookie: adminer_version=4.8.1  >>>>> #
 ### data log ---> 23/11/22 22:36:46  >>>>> : "GET"  >>>>> #
 ### data log ---> 23/11/22 22:36:46  >>>>> : /teste  >>>>> #
 ### data log ---> 23/11/22 22:36:46  >>>>> : input: null  >>>>> #
 ### data log ---> 23/11/22 22:36:47  >>>>> : Host: localhost:8001  >>>>> #
 ### data log ---> 23/11/22 22:36:47  >>>>> : Connection: keep-alive  >>>>> #
 ### data log ---> 23/11/22 22:36:47  >>>>> : Cache-Control: max-age=0  >>>>> #
 ### data log ---> 23/11/22 22:36:47  >>>>> : sec-ch-ua: "Microsoft Edge";v="107", "Chromium";v="107", "Not=A?Brand";v="24"  >>>>> #
 ### data log ---> 23/11/22 22:36:47  >>>>> : sec-ch-ua-mobile: ?0  >>>>> #
 ### data log ---> 23/11/22 22:36:47  >>>>> : sec-ch-ua-platform: "Linux"  >>>>> #
 ### data log ---> 23/11/22 22:36:47  >>>>> : Upgrade-Insecure-Requests: 1  >>>>> #
 ### data log ---> 23/11/22 22:36:47  >>>>> : User-Agent: Mozilla/5.0 (X11; Linux x86_64) AppleWebKit/537.36 (KHTML, like Gecko) Chrome/107.0.0.0 Safari/537.36 Edg/107.0.1418.56  >>>>> #
 ### data log ---> 23/11/22 22:36:47  >>>>> : Accept: text/html,application/xhtml+xml,application/xml;q=0.9,image/webp,image/apng,*/*;q=0.8,application/signed-exchange;v=b3;q=0.9  >>>>> #
 ### data log ---> 23/11/22 22:36:47  >>>>> : Sec-Fetch-Site: none  >>>>> #
 ### data log ---> 23/11/22 22:36:47  >>>>> : Sec-Fetch-Mode: navigate  >>>>> #
 ### data log ---> 23/11/22 22:36:47  >>>>> : Sec-Fetch-User: ?1  >>>>> #
 ### data log ---> 23/11/22 22:36:47  >>>>> : Sec-Fetch-Dest: document  >>>>> #
 ### data log ---> 23/11/22 22:36:47  >>>>> : Accept-Encoding: gzip, deflate, br  >>>>> #
 ### data log ---> 23/11/22 22:36:47  >>>>> : Accept-Language: pt-BR,pt;q=0.9,en;q=0.8,en-GB;q=0.7,en-US;q=0.6  >>>>> #
 ### data log ---> 23/11/22 22:36:47  >>>>> : Cookie: adminer_version=4.8.1  >>>>> #
 ### data log ---> 23/11/22 22:36:47  >>>>> : "GET"  >>>>> #
 ### data log ---> 23/11/22 22:36:47  >>>>> : /teste  >>>>> #
 ### data log ---> 23/11/22 22:36:47  >>>>> : input: null  >>>>> #
 ### data log ---> 23/11/22 22:36:48  >>>>> : Host: localhost:8001  >>>>> #
 ### data log ---> 23/11/22 22:36:48  >>>>> : Connection: keep-alive  >>>>> #
 ### data log ---> 23/11/22 22:36:48  >>>>> : Cache-Control: max-age=0  >>>>> #
 ### data log ---> 23/11/22 22:36:48  >>>>> : sec-ch-ua: "Microsoft Edge";v="107", "Chromium";v="107", "Not=A?Brand";v="24"  >>>>> #
 ### data log ---> 23/11/22 22:36:48  >>>>> : sec-ch-ua-mobile: ?0  >>>>> #
 ### data log ---> 23/11/22 22:36:48  >>>>> : sec-ch-ua-platform: "Linux"  >>>>> #
 ### data log ---> 23/11/22 22:36:48  >>>>> : Upgrade-Insecure-Requests: 1  >>>>> #
 ### data log ---> 23/11/22 22:36:48  >>>>> : User-Agent: Mozilla/5.0 (X11; Linux x86_64) AppleWebKit/537.36 (KHTML, like Gecko) Chrome/107.0.0.0 Safari/537.36 Edg/107.0.1418.56  >>>>> #
 ### data log ---> 23/11/22 22:36:48  >>>>> : Accept: text/html,application/xhtml+xml,application/xml;q=0.9,image/webp,image/apng,*/*;q=0.8,application/signed-exchange;v=b3;q=0.9  >>>>> #
 ### data log ---> 23/11/22 22:36:48  >>>>> : Sec-Fetch-Site: none  >>>>> #
 ### data log ---> 23/11/22 22:36:48  >>>>> : Sec-Fetch-Mode: navigate  >>>>> #
 ### data log ---> 23/11/22 22:36:48  >>>>> : Sec-Fetch-User: ?1  >>>>> #
 ### data log ---> 23/11/22 22:36:48  >>>>> : Sec-Fetch-Dest: document  >>>>> #
 ### data log ---> 23/11/22 22:36:48  >>>>> : Accept-Encoding: gzip, deflate, br  >>>>> #
 ### data log ---> 23/11/22 22:36:48  >>>>> : Accept-Language: pt-BR,pt;q=0.9,en;q=0.8,en-GB;q=0.7,en-US;q=0.6  >>>>> #
 ### data log ---> 23/11/22 22:36:48  >>>>> : Cookie: adminer_version=4.8.1  >>>>> #
 ### data log ---> 23/11/22 22:36:48  >>>>> : "GET"  >>>>> #
 ### data log ---> 23/11/22 22:36:48  >>>>> : /teste  >>>>> #
 ### data log ---> 23/11/22 22:36:48  >>>>> : input: null  >>>>> #
 ### data log ---> 23/11/22 22:36:54  >>>>> : Host: localhost:8001  >>>>> #
 ### data log ---> 23/11/22 22:36:54  >>>>> : Connection: keep-alive  >>>>> #
 ### data log ---> 23/11/22 22:36:54  >>>>> : Cache-Control: max-age=0  >>>>> #
 ### data log ---> 23/11/22 22:36:54  >>>>> : sec-ch-ua: "Microsoft Edge";v="107", "Chromium";v="107", "Not=A?Brand";v="24"  >>>>> #
 ### data log ---> 23/11/22 22:36:54  >>>>> : sec-ch-ua-mobile: ?0  >>>>> #
 ### data log ---> 23/11/22 22:36:54  >>>>> : sec-ch-ua-platform: "Linux"  >>>>> #
 ### data log ---> 23/11/22 22:36:54  >>>>> : Upgrade-Insecure-Requests: 1  >>>>> #
 ### data log ---> 23/11/22 22:36:54  >>>>> : User-Agent: Mozilla/5.0 (X11; Linux x86_64) AppleWebKit/537.36 (KHTML, like Gecko) Chrome/107.0.0.0 Safari/537.36 Edg/107.0.1418.56  >>>>> #
 ### data log ---> 23/11/22 22:36:54  >>>>> : Accept: text/html,application/xhtml+xml,application/xml;q=0.9,image/webp,image/apng,*/*;q=0.8,application/signed-exchange;v=b3;q=0.9  >>>>> #
 ### data log ---> 23/11/22 22:36:54  >>>>> : Sec-Fetch-Site: none  >>>>> #
 ### data log ---> 23/11/22 22:36:54  >>>>> : Sec-Fetch-Mode: navigate  >>>>> #
 ### data log ---> 23/11/22 22:36:54  >>>>> : Sec-Fetch-User: ?1  >>>>> #
 ### data log ---> 23/11/22 22:36:54  >>>>> : Sec-Fetch-Dest: document  >>>>> #
 ### data log ---> 23/11/22 22:36:54  >>>>> : Accept-Encoding: gzip, deflate, br  >>>>> #
 ### data log ---> 23/11/22 22:36:54  >>>>> : Accept-Language: pt-BR,pt;q=0.9,en;q=0.8,en-GB;q=0.7,en-US;q=0.6  >>>>> #
 ### data log ---> 23/11/22 22:36:54  >>>>> : Cookie: adminer_version=4.8.1  >>>>> #
 ### data log ---> 23/11/22 22:36:54  >>>>> : "GET"  >>>>> #
 ### data log ---> 23/11/22 22:36:54  >>>>> : /teste  >>>>> #
 ### data log ---> 23/11/22 22:36:54  >>>>> : input: null  >>>>> #
 ### data log ---> 23/11/22 22:52:28  >>>>> : Host: localhost:8000  >>>>> #
 ### data log ---> 23/11/22 22:52:28  >>>>> : Connection: keep-alive  >>>>> #
 ### data log ---> 23/11/22 22:52:28  >>>>> : Cache-Control: max-age=0  >>>>> #
 ### data log ---> 23/11/22 22:52:28  >>>>> : sec-ch-ua: "Microsoft Edge";v="107", "Chromium";v="107", "Not=A?Brand";v="24"  >>>>> #
 ### data log ---> 23/11/22 22:52:28  >>>>> : sec-ch-ua-mobile: ?0  >>>>> #
 ### data log ---> 23/11/22 22:52:28  >>>>> : sec-ch-ua-platform: "Linux"  >>>>> #
 ### data log ---> 23/11/22 22:52:28  >>>>> : Upgrade-Insecure-Requests: 1  >>>>> #
 ### data log ---> 23/11/22 22:52:28  >>>>> : User-Agent: Mozilla/5.0 (X11; Linux x86_64) AppleWebKit/537.36 (KHTML, like Gecko) Chrome/107.0.0.0 Safari/537.36 Edg/107.0.1418.56  >>>>> #
 ### data log ---> 23/11/22 22:52:28  >>>>> : Accept: text/html,application/xhtml+xml,application/xml;q=0.9,image/webp,image/apng,*/*;q=0.8,application/signed-exchange;v=b3;q=0.9  >>>>> #
 ### data log ---> 23/11/22 22:52:28  >>>>> : Sec-Fetch-Site: none  >>>>> #
 ### data log ---> 23/11/22 22:52:28  >>>>> : Sec-Fetch-Mode: navigate  >>>>> #
 ### data log ---> 23/11/22 22:52:28  >>>>> : Sec-Fetch-User: ?1  >>>>> #
 ### data log ---> 23/11/22 22:52:28  >>>>> : Sec-Fetch-Dest: document  >>>>> #
 ### data log ---> 23/11/22 22:52:28  >>>>> : Accept-Encoding: gzip, deflate, br  >>>>> #
 ### data log ---> 23/11/22 22:52:28  >>>>> : Accept-Language: pt-BR,pt;q=0.9,en;q=0.8,en-GB;q=0.7,en-US;q=0.6  >>>>> #
 ### data log ---> 23/11/22 22:52:28  >>>>> : Cookie: adminer_version=4.8.1  >>>>> #
 ### data log ---> 23/11/22 22:52:28  >>>>> : "GET"  >>>>> #
 ### data log ---> 23/11/22 22:52:28  >>>>> : /  >>>>> #
 ### data log ---> 23/11/22 22:52:28  >>>>> : input: null  >>>>> #
 ### data log ---> 23/11/22 22:52:28  >>>>> : Service Not Found  >>>>> #
 ### data log ---> 23/11/22 22:52:49  >>>>> : Host: localhost:8000  >>>>> #
 ### data log ---> 23/11/22 22:52:49  >>>>> : Connection: keep-alive  >>>>> #
 ### data log ---> 23/11/22 22:52:49  >>>>> : Cache-Control: max-age=0  >>>>> #
 ### data log ---> 23/11/22 22:52:49  >>>>> : sec-ch-ua: "Microsoft Edge";v="107", "Chromium";v="107", "Not=A?Brand";v="24"  >>>>> #
 ### data log ---> 23/11/22 22:52:49  >>>>> : sec-ch-ua-mobile: ?0  >>>>> #
 ### data log ---> 23/11/22 22:52:49  >>>>> : sec-ch-ua-platform: "Linux"  >>>>> #
 ### data log ---> 23/11/22 22:52:49  >>>>> : Upgrade-Insecure-Requests: 1  >>>>> #
 ### data log ---> 23/11/22 22:52:49  >>>>> : User-Agent: Mozilla/5.0 (X11; Linux x86_64) AppleWebKit/537.36 (KHTML, like Gecko) Chrome/107.0.0.0 Safari/537.36 Edg/107.0.1418.56  >>>>> #
 ### data log ---> 23/11/22 22:52:49  >>>>> : Accept: text/html,application/xhtml+xml,application/xml;q=0.9,image/webp,image/apng,*/*;q=0.8,application/signed-exchange;v=b3;q=0.9  >>>>> #
 ### data log ---> 23/11/22 22:52:49  >>>>> : Sec-Fetch-Site: none  >>>>> #
 ### data log ---> 23/11/22 22:52:49  >>>>> : Sec-Fetch-Mode: navigate  >>>>> #
 ### data log ---> 23/11/22 22:52:49  >>>>> : Sec-Fetch-User: ?1  >>>>> #
 ### data log ---> 23/11/22 22:52:49  >>>>> : Sec-Fetch-Dest: document  >>>>> #
 ### data log ---> 23/11/22 22:52:49  >>>>> : Accept-Encoding: gzip, deflate, br  >>>>> #
 ### data log ---> 23/11/22 22:52:49  >>>>> : Accept-Language: pt-BR,pt;q=0.9,en;q=0.8,en-GB;q=0.7,en-US;q=0.6  >>>>> #
 ### data log ---> 23/11/22 22:52:49  >>>>> : Cookie: adminer_version=4.8.1  >>>>> #
 ### data log ---> 23/11/22 22:52:49  >>>>> : "GET"  >>>>> #
 ### data log ---> 23/11/22 22:52:49  >>>>> : /  >>>>> #
 ### data log ---> 23/11/22 22:52:49  >>>>> : input: null  >>>>> #
 ### data log ---> 23/11/22 22:52:49  >>>>> : Service Not Found  >>>>> #
 ### data log ---> 23/11/22 22:53:10  >>>>> : Host: localhost:8000  >>>>> #
 ### data log ---> 23/11/22 22:53:10  >>>>> : Connection: keep-alive  >>>>> #
 ### data log ---> 23/11/22 22:53:10  >>>>> : Cache-Control: max-age=0  >>>>> #
 ### data log ---> 23/11/22 22:53:10  >>>>> : sec-ch-ua: "Microsoft Edge";v="107", "Chromium";v="107", "Not=A?Brand";v="24"  >>>>> #
 ### data log ---> 23/11/22 22:53:10  >>>>> : sec-ch-ua-mobile: ?0  >>>>> #
 ### data log ---> 23/11/22 22:53:10  >>>>> : sec-ch-ua-platform: "Linux"  >>>>> #
 ### data log ---> 23/11/22 22:53:10  >>>>> : Upgrade-Insecure-Requests: 1  >>>>> #
 ### data log ---> 23/11/22 22:53:10  >>>>> : User-Agent: Mozilla/5.0 (X11; Linux x86_64) AppleWebKit/537.36 (KHTML, like Gecko) Chrome/107.0.0.0 Safari/537.36 Edg/107.0.1418.56  >>>>> #
 ### data log ---> 23/11/22 22:53:10  >>>>> : Accept: text/html,application/xhtml+xml,application/xml;q=0.9,image/webp,image/apng,*/*;q=0.8,application/signed-exchange;v=b3;q=0.9  >>>>> #
 ### data log ---> 23/11/22 22:53:10  >>>>> : Sec-Fetch-Site: none  >>>>> #
 ### data log ---> 23/11/22 22:53:10  >>>>> : Sec-Fetch-Mode: navigate  >>>>> #
 ### data log ---> 23/11/22 22:53:10  >>>>> : Sec-Fetch-User: ?1  >>>>> #
 ### data log ---> 23/11/22 22:53:10  >>>>> : Sec-Fetch-Dest: document  >>>>> #
 ### data log ---> 23/11/22 22:53:10  >>>>> : Accept-Encoding: gzip, deflate, br  >>>>> #
 ### data log ---> 23/11/22 22:53:10  >>>>> : Accept-Language: pt-BR,pt;q=0.9,en;q=0.8,en-GB;q=0.7,en-US;q=0.6  >>>>> #
 ### data log ---> 23/11/22 22:53:10  >>>>> : Cookie: adminer_version=4.8.1  >>>>> #
 ### data log ---> 23/11/22 22:53:10  >>>>> : "GET"  >>>>> #
 ### data log ---> 23/11/22 22:53:10  >>>>> : /  >>>>> #
 ### data log ---> 23/11/22 22:53:10  >>>>> : input: null  >>>>> #
 ### data log ---> 23/11/22 22:53:10  >>>>> : Service Not Found  >>>>> #
 ### data log ---> 23/11/22 22:53:19  >>>>> : Host: localhost:8000  >>>>> #
 ### data log ---> 23/11/22 22:53:19  >>>>> : Connection: keep-alive  >>>>> #
 ### data log ---> 23/11/22 22:53:19  >>>>> : Cache-Control: max-age=0  >>>>> #
 ### data log ---> 23/11/22 22:53:19  >>>>> : sec-ch-ua: "Microsoft Edge";v="107", "Chromium";v="107", "Not=A?Brand";v="24"  >>>>> #
 ### data log ---> 23/11/22 22:53:19  >>>>> : sec-ch-ua-mobile: ?0  >>>>> #
 ### data log ---> 23/11/22 22:53:19  >>>>> : sec-ch-ua-platform: "Linux"  >>>>> #
 ### data log ---> 23/11/22 22:53:19  >>>>> : Upgrade-Insecure-Requests: 1  >>>>> #
 ### data log ---> 23/11/22 22:53:19  >>>>> : User-Agent: Mozilla/5.0 (X11; Linux x86_64) AppleWebKit/537.36 (KHTML, like Gecko) Chrome/107.0.0.0 Safari/537.36 Edg/107.0.1418.56  >>>>> #
 ### data log ---> 23/11/22 22:53:19  >>>>> : Accept: text/html,application/xhtml+xml,application/xml;q=0.9,image/webp,image/apng,*/*;q=0.8,application/signed-exchange;v=b3;q=0.9  >>>>> #
 ### data log ---> 23/11/22 22:53:19  >>>>> : Sec-Fetch-Site: none  >>>>> #
 ### data log ---> 23/11/22 22:53:19  >>>>> : Sec-Fetch-Mode: navigate  >>>>> #
 ### data log ---> 23/11/22 22:53:19  >>>>> : Sec-Fetch-User: ?1  >>>>> #
 ### data log ---> 23/11/22 22:53:19  >>>>> : Sec-Fetch-Dest: document  >>>>> #
 ### data log ---> 23/11/22 22:53:19  >>>>> : Accept-Encoding: gzip, deflate, br  >>>>> #
 ### data log ---> 23/11/22 22:53:19  >>>>> : Accept-Language: pt-BR,pt;q=0.9,en;q=0.8,en-GB;q=0.7,en-US;q=0.6  >>>>> #
 ### data log ---> 23/11/22 22:53:19  >>>>> : Cookie: adminer_version=4.8.1  >>>>> #
 ### data log ---> 23/11/22 22:53:19  >>>>> : "GET"  >>>>> #
 ### data log ---> 23/11/22 22:53:19  >>>>> : /  >>>>> #
 ### data log ---> 23/11/22 22:53:19  >>>>> : input: null  >>>>> #
 ### data log ---> 23/11/22 22:53:19  >>>>> : Service Not Found  >>>>> #
 ### data log ---> 23/11/22 22:53:25  >>>>> : Host: localhost:8000  >>>>> #
 ### data log ---> 23/11/22 22:53:25  >>>>> : Connection: keep-alive  >>>>> #
 ### data log ---> 23/11/22 22:53:25  >>>>> : Cache-Control: max-age=0  >>>>> #
 ### data log ---> 23/11/22 22:53:25  >>>>> : sec-ch-ua: "Microsoft Edge";v="107", "Chromium";v="107", "Not=A?Brand";v="24"  >>>>> #
 ### data log ---> 23/11/22 22:53:25  >>>>> : sec-ch-ua-mobile: ?0  >>>>> #
 ### data log ---> 23/11/22 22:53:25  >>>>> : sec-ch-ua-platform: "Linux"  >>>>> #
 ### data log ---> 23/11/22 22:53:25  >>>>> : Upgrade-Insecure-Requests: 1  >>>>> #
 ### data log ---> 23/11/22 22:53:25  >>>>> : User-Agent: Mozilla/5.0 (X11; Linux x86_64) AppleWebKit/537.36 (KHTML, like Gecko) Chrome/107.0.0.0 Safari/537.36 Edg/107.0.1418.56  >>>>> #
 ### data log ---> 23/11/22 22:53:25  >>>>> : Accept: text/html,application/xhtml+xml,application/xml;q=0.9,image/webp,image/apng,*/*;q=0.8,application/signed-exchange;v=b3;q=0.9  >>>>> #
 ### data log ---> 23/11/22 22:53:25  >>>>> : Sec-Fetch-Site: none  >>>>> #
 ### data log ---> 23/11/22 22:53:25  >>>>> : Sec-Fetch-Mode: navigate  >>>>> #
 ### data log ---> 23/11/22 22:53:25  >>>>> : Sec-Fetch-User: ?1  >>>>> #
 ### data log ---> 23/11/22 22:53:25  >>>>> : Sec-Fetch-Dest: document  >>>>> #
 ### data log ---> 23/11/22 22:53:25  >>>>> : Accept-Encoding: gzip, deflate, br  >>>>> #
 ### data log ---> 23/11/22 22:53:25  >>>>> : Accept-Language: pt-BR,pt;q=0.9,en;q=0.8,en-GB;q=0.7,en-US;q=0.6  >>>>> #
 ### data log ---> 23/11/22 22:53:25  >>>>> : Cookie: adminer_version=4.8.1  >>>>> #
 ### data log ---> 23/11/22 22:53:25  >>>>> : "GET"  >>>>> #
 ### data log ---> 23/11/22 22:53:25  >>>>> : /  >>>>> #
 ### data log ---> 23/11/22 22:53:25  >>>>> : input: null  >>>>> #
 ### data log ---> 23/11/22 22:53:25  >>>>> : Service Not Found  >>>>> #
 ### data log ---> 23/11/22 23:02:34  >>>>> : Host: localhost:8000  >>>>> #
 ### data log ---> 23/11/22 23:02:34  >>>>> : Connection: keep-alive  >>>>> #
 ### data log ---> 23/11/22 23:02:34  >>>>> : Cache-Control: max-age=0  >>>>> #
 ### data log ---> 23/11/22 23:02:34  >>>>> : sec-ch-ua: "Microsoft Edge";v="107", "Chromium";v="107", "Not=A?Brand";v="24"  >>>>> #
 ### data log ---> 23/11/22 23:02:34  >>>>> : sec-ch-ua-mobile: ?0  >>>>> #
 ### data log ---> 23/11/22 23:02:34  >>>>> : sec-ch-ua-platform: "Linux"  >>>>> #
 ### data log ---> 23/11/22 23:02:34  >>>>> : Upgrade-Insecure-Requests: 1  >>>>> #
 ### data log ---> 23/11/22 23:02:34  >>>>> : User-Agent: Mozilla/5.0 (X11; Linux x86_64) AppleWebKit/537.36 (KHTML, like Gecko) Chrome/107.0.0.0 Safari/537.36 Edg/107.0.1418.56  >>>>> #
 ### data log ---> 23/11/22 23:02:34  >>>>> : Accept: text/html,application/xhtml+xml,application/xml;q=0.9,image/webp,image/apng,*/*;q=0.8,application/signed-exchange;v=b3;q=0.9  >>>>> #
 ### data log ---> 23/11/22 23:02:34  >>>>> : Sec-Fetch-Site: none  >>>>> #
 ### data log ---> 23/11/22 23:02:34  >>>>> : Sec-Fetch-Mode: navigate  >>>>> #
 ### data log ---> 23/11/22 23:02:34  >>>>> : Sec-Fetch-User: ?1  >>>>> #
 ### data log ---> 23/11/22 23:02:34  >>>>> : Sec-Fetch-Dest: document  >>>>> #
 ### data log ---> 23/11/22 23:02:34  >>>>> : Accept-Encoding: gzip, deflate, br  >>>>> #
 ### data log ---> 23/11/22 23:02:34  >>>>> : Accept-Language: pt-BR,pt;q=0.9,en;q=0.8,en-GB;q=0.7,en-US;q=0.6  >>>>> #
 ### data log ---> 23/11/22 23:02:34  >>>>> : Cookie: adminer_version=4.8.1  >>>>> #
 ### data log ---> 23/11/22 23:02:34  >>>>> : "GET"  >>>>> #
 ### data log ---> 23/11/22 23:02:34  >>>>> : /  >>>>> #
 ### data log ---> 23/11/22 23:02:34  >>>>> : input: null  >>>>> #
 ### data log ---> 23/11/22 23:02:34  >>>>> : Service Not Found  >>>>> #
 ### data log ---> 23/11/22 23:02:49  >>>>> : Host: localhost:8000  >>>>> #
 ### data log ---> 23/11/22 23:02:49  >>>>> : Connection: keep-alive  >>>>> #
 ### data log ---> 23/11/22 23:02:49  >>>>> : Cache-Control: max-age=0  >>>>> #
 ### data log ---> 23/11/22 23:02:49  >>>>> : sec-ch-ua: "Microsoft Edge";v="107", "Chromium";v="107", "Not=A?Brand";v="24"  >>>>> #
 ### data log ---> 23/11/22 23:02:49  >>>>> : sec-ch-ua-mobile: ?0  >>>>> #
 ### data log ---> 23/11/22 23:02:49  >>>>> : sec-ch-ua-platform: "Linux"  >>>>> #
 ### data log ---> 23/11/22 23:02:49  >>>>> : Upgrade-Insecure-Requests: 1  >>>>> #
 ### data log ---> 23/11/22 23:02:49  >>>>> : User-Agent: Mozilla/5.0 (X11; Linux x86_64) AppleWebKit/537.36 (KHTML, like Gecko) Chrome/107.0.0.0 Safari/537.36 Edg/107.0.1418.56  >>>>> #
 ### data log ---> 23/11/22 23:02:49  >>>>> : Accept: text/html,application/xhtml+xml,application/xml;q=0.9,image/webp,image/apng,*/*;q=0.8,application/signed-exchange;v=b3;q=0.9  >>>>> #
 ### data log ---> 23/11/22 23:02:49  >>>>> : Sec-Fetch-Site: none  >>>>> #
 ### data log ---> 23/11/22 23:02:49  >>>>> : Sec-Fetch-Mode: navigate  >>>>> #
 ### data log ---> 23/11/22 23:02:49  >>>>> : Sec-Fetch-User: ?1  >>>>> #
 ### data log ---> 23/11/22 23:02:49  >>>>> : Sec-Fetch-Dest: document  >>>>> #
 ### data log ---> 23/11/22 23:02:49  >>>>> : Accept-Encoding: gzip, deflate, br  >>>>> #
 ### data log ---> 23/11/22 23:02:49  >>>>> : Accept-Language: pt-BR,pt;q=0.9,en;q=0.8,en-GB;q=0.7,en-US;q=0.6  >>>>> #
 ### data log ---> 23/11/22 23:02:49  >>>>> : Cookie: adminer_version=4.8.1  >>>>> #
 ### data log ---> 23/11/22 23:02:49  >>>>> : "GET"  >>>>> #
 ### data log ---> 23/11/22 23:02:49  >>>>> : /  >>>>> #
 ### data log ---> 23/11/22 23:02:49  >>>>> : input: null  >>>>> #
 ### data log ---> 23/11/22 23:02:49  >>>>> : Service Not Found  >>>>> #
 ### data log ---> 23/11/22 23:02:50  >>>>> : Host: localhost:8000  >>>>> #
 ### data log ---> 23/11/22 23:02:50  >>>>> : Connection: keep-alive  >>>>> #
 ### data log ---> 23/11/22 23:02:50  >>>>> : Cache-Control: max-age=0  >>>>> #
 ### data log ---> 23/11/22 23:02:50  >>>>> : sec-ch-ua: "Microsoft Edge";v="107", "Chromium";v="107", "Not=A?Brand";v="24"  >>>>> #
 ### data log ---> 23/11/22 23:02:50  >>>>> : sec-ch-ua-mobile: ?0  >>>>> #
 ### data log ---> 23/11/22 23:02:50  >>>>> : sec-ch-ua-platform: "Linux"  >>>>> #
 ### data log ---> 23/11/22 23:02:50  >>>>> : Upgrade-Insecure-Requests: 1  >>>>> #
 ### data log ---> 23/11/22 23:02:50  >>>>> : User-Agent: Mozilla/5.0 (X11; Linux x86_64) AppleWebKit/537.36 (KHTML, like Gecko) Chrome/107.0.0.0 Safari/537.36 Edg/107.0.1418.56  >>>>> #
 ### data log ---> 23/11/22 23:02:50  >>>>> : Accept: text/html,application/xhtml+xml,application/xml;q=0.9,image/webp,image/apng,*/*;q=0.8,application/signed-exchange;v=b3;q=0.9  >>>>> #
 ### data log ---> 23/11/22 23:02:50  >>>>> : Sec-Fetch-Site: none  >>>>> #
 ### data log ---> 23/11/22 23:02:50  >>>>> : Sec-Fetch-Mode: navigate  >>>>> #
 ### data log ---> 23/11/22 23:02:50  >>>>> : Sec-Fetch-User: ?1  >>>>> #
 ### data log ---> 23/11/22 23:02:50  >>>>> : Sec-Fetch-Dest: document  >>>>> #
 ### data log ---> 23/11/22 23:02:50  >>>>> : Accept-Encoding: gzip, deflate, br  >>>>> #
 ### data log ---> 23/11/22 23:02:50  >>>>> : Accept-Language: pt-BR,pt;q=0.9,en;q=0.8,en-GB;q=0.7,en-US;q=0.6  >>>>> #
 ### data log ---> 23/11/22 23:02:50  >>>>> : Cookie: adminer_version=4.8.1  >>>>> #
 ### data log ---> 23/11/22 23:02:50  >>>>> : "GET"  >>>>> #
 ### data log ---> 23/11/22 23:02:50  >>>>> : /  >>>>> #
 ### data log ---> 23/11/22 23:02:50  >>>>> : input: null  >>>>> #
 ### data log ---> 23/11/22 23:02:50  >>>>> : Service Not Found  >>>>> #
 ### data log ---> 23/11/22 23:02:50  >>>>> : Host: localhost:8000  >>>>> #
 ### data log ---> 23/11/22 23:02:50  >>>>> : Connection: keep-alive  >>>>> #
 ### data log ---> 23/11/22 23:02:50  >>>>> : Cache-Control: max-age=0  >>>>> #
 ### data log ---> 23/11/22 23:02:50  >>>>> : sec-ch-ua: "Microsoft Edge";v="107", "Chromium";v="107", "Not=A?Brand";v="24"  >>>>> #
 ### data log ---> 23/11/22 23:02:50  >>>>> : sec-ch-ua-mobile: ?0  >>>>> #
 ### data log ---> 23/11/22 23:02:50  >>>>> : sec-ch-ua-platform: "Linux"  >>>>> #
 ### data log ---> 23/11/22 23:02:50  >>>>> : Upgrade-Insecure-Requests: 1  >>>>> #
 ### data log ---> 23/11/22 23:02:50  >>>>> : User-Agent: Mozilla/5.0 (X11; Linux x86_64) AppleWebKit/537.36 (KHTML, like Gecko) Chrome/107.0.0.0 Safari/537.36 Edg/107.0.1418.56  >>>>> #
 ### data log ---> 23/11/22 23:02:50  >>>>> : Accept: text/html,application/xhtml+xml,application/xml;q=0.9,image/webp,image/apng,*/*;q=0.8,application/signed-exchange;v=b3;q=0.9  >>>>> #
 ### data log ---> 23/11/22 23:02:50  >>>>> : Sec-Fetch-Site: none  >>>>> #
 ### data log ---> 23/11/22 23:02:50  >>>>> : Sec-Fetch-Mode: navigate  >>>>> #
 ### data log ---> 23/11/22 23:02:50  >>>>> : Sec-Fetch-User: ?1  >>>>> #
 ### data log ---> 23/11/22 23:02:50  >>>>> : Sec-Fetch-Dest: document  >>>>> #
 ### data log ---> 23/11/22 23:02:50  >>>>> : Accept-Encoding: gzip, deflate, br  >>>>> #
 ### data log ---> 23/11/22 23:02:50  >>>>> : Accept-Language: pt-BR,pt;q=0.9,en;q=0.8,en-GB;q=0.7,en-US;q=0.6  >>>>> #
 ### data log ---> 23/11/22 23:02:50  >>>>> : Cookie: adminer_version=4.8.1  >>>>> #
 ### data log ---> 23/11/22 23:02:50  >>>>> : "GET"  >>>>> #
 ### data log ---> 23/11/22 23:02:50  >>>>> : /  >>>>> #
 ### data log ---> 23/11/22 23:02:50  >>>>> : input: null  >>>>> #
 ### data log ---> 23/11/22 23:02:50  >>>>> : Service Not Found  >>>>> #
 ### data log ---> 23/11/22 23:02:50  >>>>> : Host: localhost:8000  >>>>> #
 ### data log ---> 23/11/22 23:02:50  >>>>> : Connection: keep-alive  >>>>> #
 ### data log ---> 23/11/22 23:02:50  >>>>> : Cache-Control: max-age=0  >>>>> #
 ### data log ---> 23/11/22 23:02:50  >>>>> : sec-ch-ua: "Microsoft Edge";v="107", "Chromium";v="107", "Not=A?Brand";v="24"  >>>>> #
 ### data log ---> 23/11/22 23:02:50  >>>>> : sec-ch-ua-mobile: ?0  >>>>> #
 ### data log ---> 23/11/22 23:02:50  >>>>> : sec-ch-ua-platform: "Linux"  >>>>> #
 ### data log ---> 23/11/22 23:02:50  >>>>> : Upgrade-Insecure-Requests: 1  >>>>> #
 ### data log ---> 23/11/22 23:02:50  >>>>> : User-Agent: Mozilla/5.0 (X11; Linux x86_64) AppleWebKit/537.36 (KHTML, like Gecko) Chrome/107.0.0.0 Safari/537.36 Edg/107.0.1418.56  >>>>> #
 ### data log ---> 23/11/22 23:02:50  >>>>> : Accept: text/html,application/xhtml+xml,application/xml;q=0.9,image/webp,image/apng,*/*;q=0.8,application/signed-exchange;v=b3;q=0.9  >>>>> #
 ### data log ---> 23/11/22 23:02:50  >>>>> : Sec-Fetch-Site: none  >>>>> #
 ### data log ---> 23/11/22 23:02:50  >>>>> : Sec-Fetch-Mode: navigate  >>>>> #
 ### data log ---> 23/11/22 23:02:50  >>>>> : Sec-Fetch-User: ?1  >>>>> #
 ### data log ---> 23/11/22 23:02:50  >>>>> : Sec-Fetch-Dest: document  >>>>> #
 ### data log ---> 23/11/22 23:02:50  >>>>> : Accept-Encoding: gzip, deflate, br  >>>>> #
 ### data log ---> 23/11/22 23:02:50  >>>>> : Accept-Language: pt-BR,pt;q=0.9,en;q=0.8,en-GB;q=0.7,en-US;q=0.6  >>>>> #
 ### data log ---> 23/11/22 23:02:50  >>>>> : Cookie: adminer_version=4.8.1  >>>>> #
 ### data log ---> 23/11/22 23:02:50  >>>>> : "GET"  >>>>> #
 ### data log ---> 23/11/22 23:02:50  >>>>> : /  >>>>> #
 ### data log ---> 23/11/22 23:02:50  >>>>> : input: null  >>>>> #
 ### data log ---> 23/11/22 23:02:50  >>>>> : Service Not Found  >>>>> #
 ### data log ---> 23/11/22 23:02:55  >>>>> : Host: localhost:8000  >>>>> #
 ### data log ---> 23/11/22 23:02:55  >>>>> : Connection: keep-alive  >>>>> #
 ### data log ---> 23/11/22 23:02:55  >>>>> : Cache-Control: max-age=0  >>>>> #
 ### data log ---> 23/11/22 23:02:55  >>>>> : sec-ch-ua: "Microsoft Edge";v="107", "Chromium";v="107", "Not=A?Brand";v="24"  >>>>> #
 ### data log ---> 23/11/22 23:02:55  >>>>> : sec-ch-ua-mobile: ?0  >>>>> #
 ### data log ---> 23/11/22 23:02:55  >>>>> : sec-ch-ua-platform: "Linux"  >>>>> #
 ### data log ---> 23/11/22 23:02:55  >>>>> : Upgrade-Insecure-Requests: 1  >>>>> #
 ### data log ---> 23/11/22 23:02:55  >>>>> : User-Agent: Mozilla/5.0 (X11; Linux x86_64) AppleWebKit/537.36 (KHTML, like Gecko) Chrome/107.0.0.0 Safari/537.36 Edg/107.0.1418.56  >>>>> #
 ### data log ---> 23/11/22 23:02:55  >>>>> : Accept: text/html,application/xhtml+xml,application/xml;q=0.9,image/webp,image/apng,*/*;q=0.8,application/signed-exchange;v=b3;q=0.9  >>>>> #
 ### data log ---> 23/11/22 23:02:55  >>>>> : Sec-Fetch-Site: none  >>>>> #
 ### data log ---> 23/11/22 23:02:55  >>>>> : Sec-Fetch-Mode: navigate  >>>>> #
 ### data log ---> 23/11/22 23:02:55  >>>>> : Sec-Fetch-User: ?1  >>>>> #
 ### data log ---> 23/11/22 23:02:55  >>>>> : Sec-Fetch-Dest: document  >>>>> #
 ### data log ---> 23/11/22 23:02:55  >>>>> : Accept-Encoding: gzip, deflate, br  >>>>> #
 ### data log ---> 23/11/22 23:02:55  >>>>> : Accept-Language: pt-BR,pt;q=0.9,en;q=0.8,en-GB;q=0.7,en-US;q=0.6  >>>>> #
 ### data log ---> 23/11/22 23:02:55  >>>>> : Cookie: adminer_version=4.8.1  >>>>> #
 ### data log ---> 23/11/22 23:02:55  >>>>> : "GET"  >>>>> #
 ### data log ---> 23/11/22 23:02:55  >>>>> : /  >>>>> #
 ### data log ---> 23/11/22 23:02:55  >>>>> : input: null  >>>>> #
 ### data log ---> 23/11/22 23:02:55  >>>>> : Service Not Found  >>>>> #
 ### data log ---> 23/11/22 23:03:11  >>>>> : Host: localhost:8000  >>>>> #
 ### data log ---> 23/11/22 23:03:11  >>>>> : Connection: keep-alive  >>>>> #
 ### data log ---> 23/11/22 23:03:11  >>>>> : Cache-Control: max-age=0  >>>>> #
 ### data log ---> 23/11/22 23:03:11  >>>>> : sec-ch-ua: "Microsoft Edge";v="107", "Chromium";v="107", "Not=A?Brand";v="24"  >>>>> #
 ### data log ---> 23/11/22 23:03:11  >>>>> : sec-ch-ua-mobile: ?0  >>>>> #
 ### data log ---> 23/11/22 23:03:11  >>>>> : sec-ch-ua-platform: "Linux"  >>>>> #
 ### data log ---> 23/11/22 23:03:11  >>>>> : Upgrade-Insecure-Requests: 1  >>>>> #
 ### data log ---> 23/11/22 23:03:11  >>>>> : User-Agent: Mozilla/5.0 (X11; Linux x86_64) AppleWebKit/537.36 (KHTML, like Gecko) Chrome/107.0.0.0 Safari/537.36 Edg/107.0.1418.56  >>>>> #
 ### data log ---> 23/11/22 23:03:11  >>>>> : Accept: text/html,application/xhtml+xml,application/xml;q=0.9,image/webp,image/apng,*/*;q=0.8,application/signed-exchange;v=b3;q=0.9  >>>>> #
 ### data log ---> 23/11/22 23:03:11  >>>>> : Sec-Fetch-Site: none  >>>>> #
 ### data log ---> 23/11/22 23:03:11  >>>>> : Sec-Fetch-Mode: navigate  >>>>> #
 ### data log ---> 23/11/22 23:03:11  >>>>> : Sec-Fetch-User: ?1  >>>>> #
 ### data log ---> 23/11/22 23:03:11  >>>>> : Sec-Fetch-Dest: document  >>>>> #
 ### data log ---> 23/11/22 23:03:11  >>>>> : Accept-Encoding: gzip, deflate, br  >>>>> #
 ### data log ---> 23/11/22 23:03:11  >>>>> : Accept-Language: pt-BR,pt;q=0.9,en;q=0.8,en-GB;q=0.7,en-US;q=0.6  >>>>> #
 ### data log ---> 23/11/22 23:03:11  >>>>> : Cookie: adminer_version=4.8.1  >>>>> #
 ### data log ---> 23/11/22 23:03:11  >>>>> : "GET"  >>>>> #
 ### data log ---> 23/11/22 23:03:11  >>>>> : /  >>>>> #
 ### data log ---> 23/11/22 23:03:11  >>>>> : input: null  >>>>> #
 ### data log ---> 23/11/22 23:03:11  >>>>> : Service Not Found  >>>>> #
 ### data log ---> 23/11/22 23:03:16  >>>>> : Host: localhost:8000  >>>>> #
 ### data log ---> 23/11/22 23:03:16  >>>>> : Connection: keep-alive  >>>>> #
 ### data log ---> 23/11/22 23:03:16  >>>>> : Cache-Control: max-age=0  >>>>> #
 ### data log ---> 23/11/22 23:03:16  >>>>> : sec-ch-ua: "Microsoft Edge";v="107", "Chromium";v="107", "Not=A?Brand";v="24"  >>>>> #
 ### data log ---> 23/11/22 23:03:16  >>>>> : sec-ch-ua-mobile: ?0  >>>>> #
 ### data log ---> 23/11/22 23:03:16  >>>>> : sec-ch-ua-platform: "Linux"  >>>>> #
 ### data log ---> 23/11/22 23:03:16  >>>>> : Upgrade-Insecure-Requests: 1  >>>>> #
 ### data log ---> 23/11/22 23:03:16  >>>>> : User-Agent: Mozilla/5.0 (X11; Linux x86_64) AppleWebKit/537.36 (KHTML, like Gecko) Chrome/107.0.0.0 Safari/537.36 Edg/107.0.1418.56  >>>>> #
 ### data log ---> 23/11/22 23:03:16  >>>>> : Accept: text/html,application/xhtml+xml,application/xml;q=0.9,image/webp,image/apng,*/*;q=0.8,application/signed-exchange;v=b3;q=0.9  >>>>> #
 ### data log ---> 23/11/22 23:03:16  >>>>> : Sec-Fetch-Site: none  >>>>> #
 ### data log ---> 23/11/22 23:03:16  >>>>> : Sec-Fetch-Mode: navigate  >>>>> #
 ### data log ---> 23/11/22 23:03:16  >>>>> : Sec-Fetch-User: ?1  >>>>> #
 ### data log ---> 23/11/22 23:03:16  >>>>> : Sec-Fetch-Dest: document  >>>>> #
 ### data log ---> 23/11/22 23:03:16  >>>>> : Accept-Encoding: gzip, deflate, br  >>>>> #
 ### data log ---> 23/11/22 23:03:16  >>>>> : Accept-Language: pt-BR,pt;q=0.9,en;q=0.8,en-GB;q=0.7,en-US;q=0.6  >>>>> #
 ### data log ---> 23/11/22 23:03:16  >>>>> : Cookie: adminer_version=4.8.1  >>>>> #
 ### data log ---> 23/11/22 23:03:16  >>>>> : "GET"  >>>>> #
 ### data log ---> 23/11/22 23:03:16  >>>>> : /  >>>>> #
 ### data log ---> 23/11/22 23:03:16  >>>>> : input: null  >>>>> #
 ### data log ---> 23/11/22 23:03:16  >>>>> : Service Not Found  >>>>> #
 ### data log ---> 23/11/22 23:05:38  >>>>> : Host: localhost:8001  >>>>> #
 ### data log ---> 23/11/22 23:05:38  >>>>> : Connection: keep-alive  >>>>> #
 ### data log ---> 23/11/22 23:05:38  >>>>> : sec-ch-ua: "Microsoft Edge";v="107", "Chromium";v="107", "Not=A?Brand";v="24"  >>>>> #
 ### data log ---> 23/11/22 23:05:38  >>>>> : sec-ch-ua-mobile: ?0  >>>>> #
 ### data log ---> 23/11/22 23:05:38  >>>>> : sec-ch-ua-platform: "Linux"  >>>>> #
 ### data log ---> 23/11/22 23:05:38  >>>>> : Upgrade-Insecure-Requests: 1  >>>>> #
 ### data log ---> 23/11/22 23:05:38  >>>>> : User-Agent: Mozilla/5.0 (X11; Linux x86_64) AppleWebKit/537.36 (KHTML, like Gecko) Chrome/107.0.0.0 Safari/537.36 Edg/107.0.1418.56  >>>>> #
 ### data log ---> 23/11/22 23:05:38  >>>>> : Accept: text/html,application/xhtml+xml,application/xml;q=0.9,image/webp,image/apng,*/*;q=0.8,application/signed-exchange;v=b3;q=0.9  >>>>> #
 ### data log ---> 23/11/22 23:05:38  >>>>> : Sec-Fetch-Site: none  >>>>> #
 ### data log ---> 23/11/22 23:05:38  >>>>> : Sec-Fetch-Mode: navigate  >>>>> #
 ### data log ---> 23/11/22 23:05:38  >>>>> : Sec-Fetch-User: ?1  >>>>> #
 ### data log ---> 23/11/22 23:05:38  >>>>> : Sec-Fetch-Dest: document  >>>>> #
 ### data log ---> 23/11/22 23:05:38  >>>>> : Accept-Encoding: gzip, deflate, br  >>>>> #
 ### data log ---> 23/11/22 23:05:38  >>>>> : Accept-Language: pt-BR,pt;q=0.9,en;q=0.8,en-GB;q=0.7,en-US;q=0.6  >>>>> #
 ### data log ---> 23/11/22 23:05:38  >>>>> : Cookie: adminer_version=4.8.1  >>>>> #
 ### data log ---> 23/11/22 23:05:38  >>>>> : "GET"  >>>>> #
 ### data log ---> 23/11/22 23:05:38  >>>>> : /  >>>>> #
 ### data log ---> 23/11/22 23:05:38  >>>>> : input: null  >>>>> #
 ### data log ---> 23/11/22 23:05:38  >>>>> : Service Not Found  >>>>> #
 ### data log ---> 23/11/22 23:25:41  >>>>> : Host: localhost:8000  >>>>> #
 ### data log ---> 23/11/22 23:25:41  >>>>> : Connection: keep-alive  >>>>> #
 ### data log ---> 23/11/22 23:25:41  >>>>> : sec-ch-ua: "Microsoft Edge";v="107", "Chromium";v="107", "Not=A?Brand";v="24"  >>>>> #
 ### data log ---> 23/11/22 23:25:41  >>>>> : sec-ch-ua-mobile: ?0  >>>>> #
 ### data log ---> 23/11/22 23:25:41  >>>>> : sec-ch-ua-platform: "Linux"  >>>>> #
 ### data log ---> 23/11/22 23:25:41  >>>>> : Upgrade-Insecure-Requests: 1  >>>>> #
 ### data log ---> 23/11/22 23:25:41  >>>>> : User-Agent: Mozilla/5.0 (X11; Linux x86_64) AppleWebKit/537.36 (KHTML, like Gecko) Chrome/107.0.0.0 Safari/537.36 Edg/107.0.1418.56  >>>>> #
 ### data log ---> 23/11/22 23:25:41  >>>>> : Accept: text/html,application/xhtml+xml,application/xml;q=0.9,image/webp,image/apng,*/*;q=0.8,application/signed-exchange;v=b3;q=0.9  >>>>> #
 ### data log ---> 23/11/22 23:25:41  >>>>> : Sec-Fetch-Site: none  >>>>> #
 ### data log ---> 23/11/22 23:25:41  >>>>> : Sec-Fetch-Mode: navigate  >>>>> #
 ### data log ---> 23/11/22 23:25:41  >>>>> : Sec-Fetch-User: ?1  >>>>> #
 ### data log ---> 23/11/22 23:25:41  >>>>> : Sec-Fetch-Dest: document  >>>>> #
 ### data log ---> 23/11/22 23:25:41  >>>>> : Accept-Encoding: gzip, deflate, br  >>>>> #
 ### data log ---> 23/11/22 23:25:41  >>>>> : Accept-Language: pt-BR,pt;q=0.9,en;q=0.8,en-GB;q=0.7,en-US;q=0.6  >>>>> #
 ### data log ---> 23/11/22 23:25:41  >>>>> : Cookie: adminer_version=4.8.1  >>>>> #
 ### data log ---> 23/11/22 23:25:41  >>>>> : "GET"  >>>>> #
 ### data log ---> 23/11/22 23:25:41  >>>>> : /src/index.php  >>>>> #
 ### data log ---> 23/11/22 23:25:41  >>>>> : input: null  >>>>> #
 ### data log ---> 23/11/22 23:25:41  >>>>> : Service Not Found  >>>>> #
